#
# There is insufficient memory for the Java Runtime Environment to continue.
# Native memory allocation (malloc) failed to allocate 682896 bytes for Chunk::new
# Possible reasons:
#   The system is out of physical RAM or swap space
#   The process is running with CompressedOops enabled, and the Java Heap may be blocking the growth of the native heap
# Possible solutions:
#   Reduce memory load on the system
#   Increase physical memory or swap space
#   Check if swap backing store is full
#   Decrease Java heap size (-Xmx/-Xms)
#   Decrease number of Java threads
#   Decrease Java thread stack sizes (-Xss)
#   Set larger code cache with -XX:ReservedCodeCacheSize=
#   JVM is running with Unscaled Compressed Oops mode in which the Java heap is
#     placed in the first 4GB address space. The Java Heap base address is the
#     maximum limit for the native heap growth. Please use -XX:HeapBaseMinAddress
#     to set the Java Heap base and to place the Java Heap above 4GB virtual address.
# This output file may be truncated or incomplete.
#
#  Out of Memory Error (./src/hotspot/share/memory/arena.cpp:197), pid=21044, tid=3184
#
# JRE version: OpenJDK Runtime Environment (11.0.10) (build 11.0.10+0-b96-7249189)
# Java VM: OpenJDK 64-Bit Server VM (11.0.10+0-b96-7249189, mixed mode, tiered, compressed oops, g1 gc, windows-amd64)
# No core dump will be written. Minidumps are not enabled by default on client versions of Windows
#

---------------  S U M M A R Y ------------

Command Line: --add-opens=java.base/java.util=ALL-UNNAMED --add-opens=java.base/java.lang=ALL-UNNAMED --add-opens=java.base/java.lang.invoke=ALL-UNNAMED --add-opens=java.base/java.util=ALL-UNNAMED --add-opens=java.prefs/java.util.prefs=ALL-UNNAMED --add-opens=java.prefs/java.util.prefs=ALL-UNNAMED --add-opens=java.base/java.nio.charset=ALL-UNNAMED --add-opens=java.base/java.net=ALL-UNNAMED --add-opens=java.base/java.util.concurrent.atomic=ALL-UNNAMED -Xmx2048m -Dfile.encoding=UTF-8 -Duser.country=CN -Duser.language=zh -Duser.variant org.gradle.launcher.daemon.bootstrap.GradleDaemon 7.0.2

Host: Intel(R) Core(TM) i7-7500U CPU @ 2.70GHz, 4 cores, 7G,  Windows 10 , 64 bit Build 19041 (10.0.19041.1202)
Time: Fri Oct 29 01:01:05 2021 中国标准时间 elapsed time: 11.375798 seconds (0d 0h 0m 11s)

---------------  T H R E A D  ---------------

Current thread (0x00000282e3fc2000):  JavaThread "C2 CompilerThread0" daemon [_thread_in_native, id=3184, stack(0x000000d3f5000000,0x000000d3f5100000)]


Current CompileTask:
C2:  11375 3635       4       org.objectweb.asm.Frame::execute (2318 bytes)

Stack: [0x000000d3f5000000,0x000000d3f5100000]
Native frames: (J=compiled Java code, j=interpreted, Vv=VM code, C=native code)
V  [jvm.dll+0x5ecfaa]
V  [jvm.dll+0x722bd5]
V  [jvm.dll+0x72412d]
V  [jvm.dll+0x7247e3]
V  [jvm.dll+0x242928]
V  [jvm.dll+0xbc4fc]
V  [jvm.dll+0xbca0c]
V  [jvm.dll+0x2b4fd4]
V  [jvm.dll+0x506028]
V  [jvm.dll+0x1fc985]
V  [jvm.dll+0x1fa77f]
V  [jvm.dll+0x18354c]
V  [jvm.dll+0x208ee7]
V  [jvm.dll+0x207731]
V  [jvm.dll+0x6eb1cf]
V  [jvm.dll+0x6e3d45]
V  [jvm.dll+0x5ebe96]
C  [ucrtbase.dll+0x21bb2]
C  [KERNEL32.DLL+0x17034]
C  [ntdll.dll+0x52651]


---------------  P R O C E S S  ---------------

Threads class SMR info:
_java_thread_list=0x00000282e59ac580, length=34, elements={
0x00000282ca3b9000, 0x00000282e3f8f800, 0x00000282e3f99800, 0x00000282e3fbc000,
0x00000282e3fbd800, 0x00000282e3fbe800, 0x00000282e3fc2000, 0x00000282e3fc7800,
0x00000282e48b6800, 0x00000282e49d3000, 0x00000282e7435000, 0x00000282e6c61800,
0x00000282e559d000, 0x00000282e6db0000, 0x00000282e61b7800, 0x00000282e71c8000,
0x00000282e5c41800, 0x00000282e71d0800, 0x00000282e71c8800, 0x00000282e71ca800,
0x00000282e71cb000, 0x00000282e71cf000, 0x00000282e71c9800, 0x00000282e71cc000,
0x00000282e71cd000, 0x00000282e71cd800, 0x00000282e71ce800, 0x00000282ea767000,
0x00000282ea76d800, 0x00000282ea769000, 0x00000282ea76d000, 0x00000282ea76c000,
0x00000282ea76f800, 0x00000282ea771000
}

Java Threads: ( => current thread )
  0x00000282ca3b9000 JavaThread "main" [_thread_blocked, id=10356, stack(0x000000d3f4400000,0x000000d3f4500000)]
  0x00000282e3f8f800 JavaThread "Reference Handler" daemon [_thread_blocked, id=14476, stack(0x000000d3f4b00000,0x000000d3f4c00000)]
  0x00000282e3f99800 JavaThread "Finalizer" daemon [_thread_blocked, id=11664, stack(0x000000d3f4c00000,0x000000d3f4d00000)]
  0x00000282e3fbc000 JavaThread "Signal Dispatcher" daemon [_thread_blocked, id=15928, stack(0x000000d3f4d00000,0x000000d3f4e00000)]
  0x00000282e3fbd800 JavaThread "Attach Listener" daemon [_thread_blocked, id=972, stack(0x000000d3f4e00000,0x000000d3f4f00000)]
  0x00000282e3fbe800 JavaThread "Service Thread" daemon [_thread_blocked, id=19052, stack(0x000000d3f4f00000,0x000000d3f5000000)]
=>0x00000282e3fc2000 JavaThread "C2 CompilerThread0" daemon [_thread_in_native, id=3184, stack(0x000000d3f5000000,0x000000d3f5100000)]
  0x00000282e3fc7800 JavaThread "C1 CompilerThread0" daemon [_thread_blocked, id=1208, stack(0x000000d3f5100000,0x000000d3f5200000)]
  0x00000282e48b6800 JavaThread "Sweeper thread" daemon [_thread_blocked, id=3080, stack(0x000000d3f5200000,0x000000d3f5300000)]
  0x00000282e49d3000 JavaThread "Common-Cleaner" daemon [_thread_blocked, id=16572, stack(0x000000d3f5300000,0x000000d3f5400000)]
  0x00000282e7435000 JavaThread "Daemon health stats" [_thread_blocked, id=10284, stack(0x000000d3f5800000,0x000000d3f5900000)]
  0x00000282e6c61800 JavaThread "Incoming local TCP Connector on port 23307" [_thread_in_native, id=14152, stack(0x000000d3f5700000,0x000000d3f5800000)]
  0x00000282e559d000 JavaThread "Daemon periodic checks" [_thread_blocked, id=13156, stack(0x000000d3f5900000,0x000000d3f5a00000)]
  0x00000282e6db0000 JavaThread "Daemon" [_thread_blocked, id=19992, stack(0x000000d3f5a00000,0x000000d3f5b00000)]
  0x00000282e61b7800 JavaThread "Handler for socket connection from /127.0.0.1:23307 to /127.0.0.1:23308" [_thread_in_native, id=3212, stack(0x000000d3f5b00000,0x000000d3f5c00000)]
  0x00000282e71c8000 JavaThread "Cancel handler" [_thread_blocked, id=14220, stack(0x000000d3f5c00000,0x000000d3f5d00000)]
  0x00000282e5c41800 JavaThread "Daemon worker" [_thread_in_vm, id=5348, stack(0x000000d3f5d00000,0x000000d3f5e00000)]
  0x00000282e71d0800 JavaThread "Asynchronous log dispatcher for DefaultDaemonConnection: socket connection from /127.0.0.1:23307 to /127.0.0.1:23308" [_thread_blocked, id=14092, stack(0x000000d3f5e00000,0x000000d3f5f00000)]
  0x00000282e71c8800 JavaThread "Stdin handler" [_thread_blocked, id=13532, stack(0x000000d3f5f00000,0x000000d3f6000000)]
  0x00000282e71ca800 JavaThread "Daemon client event forwarder" [_thread_blocked, id=5828, stack(0x000000d3f6000000,0x000000d3f6100000)]
  0x00000282e71cb000 JavaThread "Cache worker for file hash cache (C:\Users\manmanjiang\.gradle\caches\7.0.2\fileHashes)" [_thread_blocked, id=20872, stack(0x000000d3f6200000,0x000000d3f6300000)]
  0x00000282e71cf000 JavaThread "File lock request listener" [_thread_in_native, id=12492, stack(0x000000d3f6300000,0x000000d3f6400000)]
  0x00000282e71c9800 JavaThread "Cache worker for journal cache (C:\Users\manmanjiang\.gradle\caches\journal-1)" [_thread_blocked, id=640, stack(0x000000d3f6400000,0x000000d3f6500000)]
  0x00000282e71cc000 JavaThread "Cache worker for file hash cache (D:\AndroidStudioProjects\Notepad\.gradle\7.0.2\fileHashes)" [_thread_blocked, id=18148, stack(0x000000d3f6600000,0x000000d3f6700000)]
  0x00000282e71cd000 JavaThread "File watcher server" daemon [_thread_in_native, id=19924, stack(0x000000d3f6700000,0x000000d3f6800000)]
  0x00000282e71cd800 JavaThread "File watcher consumer" daemon [_thread_blocked, id=11200, stack(0x000000d3f6800000,0x000000d3f6900000)]
  0x00000282e71ce800 JavaThread "Cache worker for checksums cache (D:\AndroidStudioProjects\Notepad\.gradle\checksums)" [_thread_blocked, id=17300, stack(0x000000d3f6900000,0x000000d3f6a00000)]
  0x00000282ea767000 JavaThread "Cache worker for cache directory md-supplier (C:\Users\manmanjiang\.gradle\caches\7.0.2\md-supplier)" [_thread_blocked, id=13000, stack(0x000000d3f6a00000,0x000000d3f6b00000)]
  0x00000282ea76d800 JavaThread "Cache worker for cache directory md-rule (C:\Users\manmanjiang\.gradle\caches\7.0.2\md-rule)" [_thread_blocked, id=15512, stack(0x000000d3f6b00000,0x000000d3f6c00000)]
  0x00000282ea769000 JavaThread "Cache worker for execution history cache (C:\Users\manmanjiang\.gradle\caches\7.0.2\executionHistory)" [_thread_blocked, id=9948, stack(0x000000d3f6c00000,0x000000d3f6d00000)]
  0x00000282ea76d000 JavaThread "jar transforms" [_thread_blocked, id=16388, stack(0x000000d3f6d00000,0x000000d3f6e00000)]
  0x00000282ea76c000 JavaThread "jar transforms Thread 2" [_thread_blocked, id=12780, stack(0x000000d3f6e00000,0x000000d3f6f00000)]
  0x00000282ea76f800 JavaThread "Cache worker for file content cache (C:\Users\manmanjiang\.gradle\caches\7.0.2\fileContent)" [_thread_blocked, id=17948, stack(0x000000d3f6f00000,0x000000d3f7000000)]
  0x00000282ea771000 JavaThread "Cache worker for dependencies-accessors (D:\AndroidStudioProjects\Notepad\.gradle\7.0.2\dependencies-accessors)" [_thread_blocked, id=19180, stack(0x000000d3f6500000,0x000000d3f6600000)]

Other Threads:
  0x00000282e3f88800 VMThread "VM Thread" [stack: 0x000000d3f4a00000,0x000000d3f4b00000] [id=12444]
  0x00000282e49ec800 WatcherThread [stack: 0x000000d3f5400000,0x000000d3f5500000] [id=7716]
  0x00000282ca3d2800 GCTaskThread "GC Thread#0" [stack: 0x000000d3f4500000,0x000000d3f4600000] [id=12944]
  0x00000282e490f800 GCTaskThread "GC Thread#1" [stack: 0x000000d3f5500000,0x000000d3f5600000] [id=8644]
  0x00000282e4910800 GCTaskThread "GC Thread#2" [stack: 0x000000d3f5600000,0x000000d3f5700000] [id=15244]
  0x00000282e4912000 GCTaskThread "GC Thread#3" [stack: 0x000000d3f6100000,0x000000d3f6200000] [id=1568]
  0x00000282ca402800 ConcurrentGCThread "G1 Main Marker" [stack: 0x000000d3f4600000,0x000000d3f4700000] [id=15508]
  0x00000282ca405000 ConcurrentGCThread "G1 Conc#0" [stack: 0x000000d3f4700000,0x000000d3f4800000] [id=17372]
  0x00000282ca496800 ConcurrentGCThread "G1 Refine#0" [stack: 0x000000d3f4800000,0x000000d3f4900000] [id=12248]
  0x00000282ca497800 ConcurrentGCThread "G1 Young RemSet Sampling" [stack: 0x000000d3f4900000,0x000000d3f4a00000] [id=20140]

Threads with active compile tasks:
C2 CompilerThread0  11419 3635       4       org.objectweb.asm.Frame::execute (2318 bytes)

VM state:not at safepoint (normal execution)

VM Mutex/Monitor currently owned by a thread: None

Heap address: 0x0000000080000000, size: 2048 MB, Compressed Oops mode: 32-bit
Narrow klass base: 0x0000000000000000, Narrow klass shift: 3
Compressed class space size: 1073741824 Address: 0x0000000100000000

Heap:
 garbage-first heap   total 131072K, used 40403K [0x0000000080000000, 0x0000000100000000)
  region size 1024K, 21 young (21504K), 8 survivors (8192K)
 Metaspace       used 40271K, capacity 41168K, committed 41420K, reserved 1085440K
  class space    used 5170K, capacity 5499K, committed 5580K, reserved 1048576K
Heap Regions: E=young(eden), S=young(survivor), O=old, HS=humongous(starts), HC=humongous(continues), CS=collection set, F=free, A=archive, TAMS=top-at-mark-start (previous, next)
|   0|0x0000000080000000, 0x0000000080100000, 0x0000000080100000|100%|HS|  |TAMS 0x0000000080100000, 0x0000000080000000| Complete 
|   1|0x0000000080100000, 0x0000000080200000, 0x0000000080200000|100%|HC|  |TAMS 0x0000000080200000, 0x0000000080100000| Complete 
|   2|0x0000000080200000, 0x0000000080300000, 0x0000000080300000|100%|HC|  |TAMS 0x0000000080300000, 0x0000000080200000| Complete 
|   3|0x0000000080300000, 0x0000000080400000, 0x0000000080400000|100%| O|  |TAMS 0x0000000080400000, 0x0000000080300000| Untracked 
|   4|0x0000000080400000, 0x0000000080500000, 0x0000000080500000|100%| O|  |TAMS 0x0000000080500000, 0x0000000080400000| Untracked 
|   5|0x0000000080500000, 0x0000000080600000, 0x0000000080600000|100%| O|  |TAMS 0x0000000080600000, 0x0000000080500000| Untracked 
|   6|0x0000000080600000, 0x0000000080700000, 0x0000000080700000|100%| O|  |TAMS 0x0000000080700000, 0x0000000080600000| Untracked 
|   7|0x0000000080700000, 0x0000000080800000, 0x0000000080800000|100%| O|  |TAMS 0x0000000080800000, 0x0000000080700000| Untracked 
|   8|0x0000000080800000, 0x0000000080900000, 0x0000000080900000|100%| O|  |TAMS 0x0000000080900000, 0x0000000080800000| Untracked 
|   9|0x0000000080900000, 0x0000000080a00000, 0x0000000080a00000|100%| O|  |TAMS 0x0000000080a00000, 0x0000000080900000| Untracked 
|  10|0x0000000080a00000, 0x0000000080b00000, 0x0000000080b00000|100%| O|  |TAMS 0x0000000080b00000, 0x0000000080a00000| Untracked 
|  11|0x0000000080b00000, 0x0000000080c00000, 0x0000000080c00000|100%| O|  |TAMS 0x0000000080c00000, 0x0000000080b00000| Untracked 
|  12|0x0000000080c00000, 0x0000000080d00000, 0x0000000080d00000|100%| O|  |TAMS 0x0000000080d00000, 0x0000000080c00000| Untracked 
|  13|0x0000000080d00000, 0x0000000080e00000, 0x0000000080e00000|100%| O|  |TAMS 0x0000000080e00000, 0x0000000080d00000| Untracked 
|  14|0x0000000080e00000, 0x0000000080f00000, 0x0000000080f00000|100%| O|  |TAMS 0x0000000080f00000, 0x0000000080e00000| Untracked 
|  15|0x0000000080f00000, 0x0000000081000000, 0x0000000081000000|100%| O|  |TAMS 0x0000000081000000, 0x0000000080f00000| Untracked 
|  16|0x0000000081000000, 0x0000000081100000, 0x0000000081100000|100%| O|  |TAMS 0x0000000081100000, 0x0000000081000000| Untracked 
|  17|0x0000000081100000, 0x0000000081200000, 0x0000000081200000|100%| O|  |TAMS 0x0000000081200000, 0x0000000081100000| Untracked 
|  18|0x0000000081200000, 0x0000000081300000, 0x0000000081300000|100%| O|  |TAMS 0x0000000081300000, 0x0000000081200000| Untracked 
|  19|0x0000000081300000, 0x0000000081300000, 0x0000000081400000|  0%| F|  |TAMS 0x0000000081300000, 0x0000000081300000| Untracked 
|  20|0x0000000081400000, 0x0000000081400000, 0x0000000081500000|  0%| F|  |TAMS 0x0000000081400000, 0x0000000081400000| Untracked 
|  21|0x0000000081500000, 0x0000000081500000, 0x0000000081600000|  0%| F|  |TAMS 0x0000000081500000, 0x0000000081500000| Untracked 
|  22|0x0000000081600000, 0x0000000081674e00, 0x0000000081700000| 45%| O|  |TAMS 0x0000000081674e00, 0x0000000081600000| Untracked 
|  23|0x0000000081700000, 0x0000000081700000, 0x0000000081800000|  0%| F|  |TAMS 0x0000000081700000, 0x0000000081700000| Untracked 
|  24|0x0000000081800000, 0x0000000081800000, 0x0000000081900000|  0%| F|  |TAMS 0x0000000081800000, 0x0000000081800000| Untracked 
|  25|0x0000000081900000, 0x0000000081900000, 0x0000000081a00000|  0%| F|  |TAMS 0x0000000081900000, 0x0000000081900000| Untracked 
|  26|0x0000000081a00000, 0x0000000081a00000, 0x0000000081b00000|  0%| F|  |TAMS 0x0000000081a00000, 0x0000000081a00000| Untracked 
|  27|0x0000000081b00000, 0x0000000081b00000, 0x0000000081c00000|  0%| F|  |TAMS 0x0000000081b00000, 0x0000000081b00000| Untracked 
|  28|0x0000000081c00000, 0x0000000081c00000, 0x0000000081d00000|  0%| F|  |TAMS 0x0000000081c00000, 0x0000000081c00000| Untracked 
|  29|0x0000000081d00000, 0x0000000081d00000, 0x0000000081e00000|  0%| F|  |TAMS 0x0000000081d00000, 0x0000000081d00000| Untracked 
|  30|0x0000000081e00000, 0x0000000081e00000, 0x0000000081f00000|  0%| F|  |TAMS 0x0000000081e00000, 0x0000000081e00000| Untracked 
|  31|0x0000000081f00000, 0x0000000081f00000, 0x0000000082000000|  0%| F|  |TAMS 0x0000000081f00000, 0x0000000081f00000| Untracked 
|  32|0x0000000082000000, 0x0000000082000000, 0x0000000082100000|  0%| F|  |TAMS 0x0000000082000000, 0x0000000082000000| Untracked 
|  33|0x0000000082100000, 0x0000000082100000, 0x0000000082200000|  0%| F|  |TAMS 0x0000000082100000, 0x0000000082100000| Untracked 
|  34|0x0000000082200000, 0x0000000082200000, 0x0000000082300000|  0%| F|  |TAMS 0x0000000082200000, 0x0000000082200000| Untracked 
|  35|0x0000000082300000, 0x0000000082300000, 0x0000000082400000|  0%| F|  |TAMS 0x0000000082300000, 0x0000000082300000| Untracked 
|  36|0x0000000082400000, 0x0000000082400000, 0x0000000082500000|  0%| F|  |TAMS 0x0000000082400000, 0x0000000082400000| Untracked 
|  37|0x0000000082500000, 0x0000000082500000, 0x0000000082600000|  0%| F|  |TAMS 0x0000000082500000, 0x0000000082500000| Untracked 
|  38|0x0000000082600000, 0x0000000082600000, 0x0000000082700000|  0%| F|  |TAMS 0x0000000082600000, 0x0000000082600000| Untracked 
|  39|0x0000000082700000, 0x0000000082700000, 0x0000000082800000|  0%| F|  |TAMS 0x0000000082700000, 0x0000000082700000| Untracked 
|  40|0x0000000082800000, 0x0000000082800000, 0x0000000082900000|  0%| F|  |TAMS 0x0000000082800000, 0x0000000082800000| Untracked 
|  41|0x0000000082900000, 0x0000000082900000, 0x0000000082a00000|  0%| F|  |TAMS 0x0000000082900000, 0x0000000082900000| Untracked 
|  42|0x0000000082a00000, 0x0000000082a00000, 0x0000000082b00000|  0%| F|  |TAMS 0x0000000082a00000, 0x0000000082a00000| Untracked 
|  43|0x0000000082b00000, 0x0000000082b00000, 0x0000000082c00000|  0%| F|  |TAMS 0x0000000082b00000, 0x0000000082b00000| Untracked 
|  44|0x0000000082c00000, 0x0000000082c00000, 0x0000000082d00000|  0%| F|  |TAMS 0x0000000082c00000, 0x0000000082c00000| Untracked 
|  45|0x0000000082d00000, 0x0000000082d00000, 0x0000000082e00000|  0%| F|  |TAMS 0x0000000082d00000, 0x0000000082d00000| Untracked 
|  46|0x0000000082e00000, 0x0000000082e00000, 0x0000000082f00000|  0%| F|  |TAMS 0x0000000082e00000, 0x0000000082e00000| Untracked 
|  47|0x0000000082f00000, 0x0000000082f00000, 0x0000000083000000|  0%| F|  |TAMS 0x0000000082f00000, 0x0000000082f00000| Untracked 
|  48|0x0000000083000000, 0x0000000083000000, 0x0000000083100000|  0%| F|  |TAMS 0x0000000083000000, 0x0000000083000000| Untracked 
|  49|0x0000000083100000, 0x0000000083100000, 0x0000000083200000|  0%| F|  |TAMS 0x0000000083100000, 0x0000000083100000| Untracked 
|  50|0x0000000083200000, 0x0000000083200000, 0x0000000083300000|  0%| F|  |TAMS 0x0000000083200000, 0x0000000083200000| Untracked 
|  51|0x0000000083300000, 0x0000000083300000, 0x0000000083400000|  0%| F|  |TAMS 0x0000000083300000, 0x0000000083300000| Untracked 
|  52|0x0000000083400000, 0x0000000083400000, 0x0000000083500000|  0%| F|  |TAMS 0x0000000083400000, 0x0000000083400000| Untracked 
|  53|0x0000000083500000, 0x0000000083500000, 0x0000000083600000|  0%| F|  |TAMS 0x0000000083500000, 0x0000000083500000| Untracked 
|  54|0x0000000083600000, 0x0000000083600000, 0x0000000083700000|  0%| F|  |TAMS 0x0000000083600000, 0x0000000083600000| Untracked 
|  55|0x0000000083700000, 0x0000000083700000, 0x0000000083800000|  0%| F|  |TAMS 0x0000000083700000, 0x0000000083700000| Untracked 
|  56|0x0000000083800000, 0x0000000083800000, 0x0000000083900000|  0%| F|  |TAMS 0x0000000083800000, 0x0000000083800000| Untracked 
|  57|0x0000000083900000, 0x0000000083900000, 0x0000000083a00000|  0%| F|  |TAMS 0x0000000083900000, 0x0000000083900000| Untracked 
|  58|0x0000000083a00000, 0x0000000083a00000, 0x0000000083b00000|  0%| F|  |TAMS 0x0000000083a00000, 0x0000000083a00000| Untracked 
|  59|0x0000000083b00000, 0x0000000083b00000, 0x0000000083c00000|  0%| F|  |TAMS 0x0000000083b00000, 0x0000000083b00000| Untracked 
|  60|0x0000000083c00000, 0x0000000083d00000, 0x0000000083d00000|100%| S|CS|TAMS 0x0000000083c00000, 0x0000000083c00000| Complete 
|  61|0x0000000083d00000, 0x0000000083e00000, 0x0000000083e00000|100%| S|CS|TAMS 0x0000000083d00000, 0x0000000083d00000| Complete 
|  62|0x0000000083e00000, 0x0000000083f00000, 0x0000000083f00000|100%| S|CS|TAMS 0x0000000083e00000, 0x0000000083e00000| Complete 
|  63|0x0000000083f00000, 0x0000000084000000, 0x0000000084000000|100%| S|CS|TAMS 0x0000000083f00000, 0x0000000083f00000| Complete 
|  64|0x0000000084000000, 0x0000000084100000, 0x0000000084100000|100%| S|CS|TAMS 0x0000000084000000, 0x0000000084000000| Complete 
|  65|0x0000000084100000, 0x0000000084200000, 0x0000000084200000|100%| S|CS|TAMS 0x0000000084100000, 0x0000000084100000| Complete 
|  66|0x0000000084200000, 0x0000000084300000, 0x0000000084300000|100%| S|CS|TAMS 0x0000000084200000, 0x0000000084200000| Complete 
|  67|0x0000000084300000, 0x0000000084400000, 0x0000000084400000|100%| S|CS|TAMS 0x0000000084300000, 0x0000000084300000| Complete 
|  68|0x0000000084400000, 0x0000000084400000, 0x0000000084500000|  0%| F|  |TAMS 0x0000000084400000, 0x0000000084400000| Untracked 
|  69|0x0000000084500000, 0x0000000084500000, 0x0000000084600000|  0%| F|  |TAMS 0x0000000084500000, 0x0000000084500000| Untracked 
|  70|0x0000000084600000, 0x0000000084600000, 0x0000000084700000|  0%| F|  |TAMS 0x0000000084600000, 0x0000000084600000| Untracked 
|  71|0x0000000084700000, 0x0000000084700000, 0x0000000084800000|  0%| F|  |TAMS 0x0000000084700000, 0x0000000084700000| Untracked 
|  72|0x0000000084800000, 0x0000000084800000, 0x0000000084900000|  0%| F|  |TAMS 0x0000000084800000, 0x0000000084800000| Untracked 
|  73|0x0000000084900000, 0x0000000084900000, 0x0000000084a00000|  0%| F|  |TAMS 0x0000000084900000, 0x0000000084900000| Untracked 
|  74|0x0000000084a00000, 0x0000000084a00000, 0x0000000084b00000|  0%| F|  |TAMS 0x0000000084a00000, 0x0000000084a00000| Untracked 
|  75|0x0000000084b00000, 0x0000000084b00000, 0x0000000084c00000|  0%| F|  |TAMS 0x0000000084b00000, 0x0000000084b00000| Untracked 
|  76|0x0000000084c00000, 0x0000000084c00000, 0x0000000084d00000|  0%| F|  |TAMS 0x0000000084c00000, 0x0000000084c00000| Untracked 
|  77|0x0000000084d00000, 0x0000000084d00000, 0x0000000084e00000|  0%| F|  |TAMS 0x0000000084d00000, 0x0000000084d00000| Untracked 
|  78|0x0000000084e00000, 0x0000000084e00000, 0x0000000084f00000|  0%| F|  |TAMS 0x0000000084e00000, 0x0000000084e00000| Untracked 
|  79|0x0000000084f00000, 0x0000000084f00000, 0x0000000085000000|  0%| F|  |TAMS 0x0000000084f00000, 0x0000000084f00000| Untracked 
|  80|0x0000000085000000, 0x0000000085000000, 0x0000000085100000|  0%| F|  |TAMS 0x0000000085000000, 0x0000000085000000| Untracked 
|  81|0x0000000085100000, 0x0000000085100000, 0x0000000085200000|  0%| F|  |TAMS 0x0000000085100000, 0x0000000085100000| Untracked 
|  82|0x0000000085200000, 0x0000000085200000, 0x0000000085300000|  0%| F|  |TAMS 0x0000000085200000, 0x0000000085200000| Untracked 
|  83|0x0000000085300000, 0x0000000085300000, 0x0000000085400000|  0%| F|  |TAMS 0x0000000085300000, 0x0000000085300000| Untracked 
|  84|0x0000000085400000, 0x0000000085400000, 0x0000000085500000|  0%| F|  |TAMS 0x0000000085400000, 0x0000000085400000| Untracked 
|  85|0x0000000085500000, 0x0000000085500000, 0x0000000085600000|  0%| F|  |TAMS 0x0000000085500000, 0x0000000085500000| Untracked 
|  86|0x0000000085600000, 0x0000000085600000, 0x0000000085700000|  0%| F|  |TAMS 0x0000000085600000, 0x0000000085600000| Untracked 
|  87|0x0000000085700000, 0x0000000085700000, 0x0000000085800000|  0%| F|  |TAMS 0x0000000085700000, 0x0000000085700000| Untracked 
|  88|0x0000000085800000, 0x0000000085800000, 0x0000000085900000|  0%| F|  |TAMS 0x0000000085800000, 0x0000000085800000| Untracked 
|  89|0x0000000085900000, 0x0000000085900000, 0x0000000085a00000|  0%| F|  |TAMS 0x0000000085900000, 0x0000000085900000| Untracked 
|  90|0x0000000085a00000, 0x0000000085a00000, 0x0000000085b00000|  0%| F|  |TAMS 0x0000000085a00000, 0x0000000085a00000| Untracked 
|  91|0x0000000085b00000, 0x0000000085b00000, 0x0000000085c00000|  0%| F|  |TAMS 0x0000000085b00000, 0x0000000085b00000| Untracked 
|  92|0x0000000085c00000, 0x0000000085c00000, 0x0000000085d00000|  0%| F|  |TAMS 0x0000000085c00000, 0x0000000085c00000| Untracked 
|  93|0x0000000085d00000, 0x0000000085d00000, 0x0000000085e00000|  0%| F|  |TAMS 0x0000000085d00000, 0x0000000085d00000| Untracked 
|  94|0x0000000085e00000, 0x0000000085e00000, 0x0000000085f00000|  0%| F|  |TAMS 0x0000000085e00000, 0x0000000085e00000| Untracked 
|  95|0x0000000085f00000, 0x0000000085f00000, 0x0000000086000000|  0%| F|  |TAMS 0x0000000085f00000, 0x0000000085f00000| Untracked 
|  96|0x0000000086000000, 0x0000000086000000, 0x0000000086100000|  0%| F|  |TAMS 0x0000000086000000, 0x0000000086000000| Untracked 
|  97|0x0000000086100000, 0x0000000086100000, 0x0000000086200000|  0%| F|  |TAMS 0x0000000086100000, 0x0000000086100000| Untracked 
|  98|0x0000000086200000, 0x0000000086200000, 0x0000000086300000|  0%| F|  |TAMS 0x0000000086200000, 0x0000000086200000| Untracked 
|  99|0x0000000086300000, 0x0000000086300000, 0x0000000086400000|  0%| F|  |TAMS 0x0000000086300000, 0x0000000086300000| Untracked 
| 100|0x0000000086400000, 0x0000000086400000, 0x0000000086500000|  0%| F|  |TAMS 0x0000000086400000, 0x0000000086400000| Untracked 
| 101|0x0000000086500000, 0x0000000086500000, 0x0000000086600000|  0%| F|  |TAMS 0x0000000086500000, 0x0000000086500000| Untracked 
| 102|0x0000000086600000, 0x0000000086600000, 0x0000000086700000|  0%| F|  |TAMS 0x0000000086600000, 0x0000000086600000| Untracked 
| 103|0x0000000086700000, 0x0000000086700000, 0x0000000086800000|  0%| F|  |TAMS 0x0000000086700000, 0x0000000086700000| Untracked 
| 104|0x0000000086800000, 0x0000000086800000, 0x0000000086900000|  0%| F|  |TAMS 0x0000000086800000, 0x0000000086800000| Untracked 
| 105|0x0000000086900000, 0x0000000086900000, 0x0000000086a00000|  0%| F|  |TAMS 0x0000000086900000, 0x0000000086900000| Untracked 
| 106|0x0000000086a00000, 0x0000000086a00000, 0x0000000086b00000|  0%| F|  |TAMS 0x0000000086a00000, 0x0000000086a00000| Untracked 
| 107|0x0000000086b00000, 0x0000000086b00000, 0x0000000086c00000|  0%| F|  |TAMS 0x0000000086b00000, 0x0000000086b00000| Untracked 
| 108|0x0000000086c00000, 0x0000000086c00000, 0x0000000086d00000|  0%| F|  |TAMS 0x0000000086c00000, 0x0000000086c00000| Untracked 
| 109|0x0000000086d00000, 0x0000000086d00000, 0x0000000086e00000|  0%| F|  |TAMS 0x0000000086d00000, 0x0000000086d00000| Untracked 
| 110|0x0000000086e00000, 0x0000000086e00000, 0x0000000086f00000|  0%| F|  |TAMS 0x0000000086e00000, 0x0000000086e00000| Untracked 
| 111|0x0000000086f00000, 0x0000000086f00000, 0x0000000087000000|  0%| F|  |TAMS 0x0000000086f00000, 0x0000000086f00000| Untracked 
| 112|0x0000000087000000, 0x0000000087000000, 0x0000000087100000|  0%| F|  |TAMS 0x0000000087000000, 0x0000000087000000| Untracked 
| 113|0x0000000087100000, 0x0000000087100000, 0x0000000087200000|  0%| F|  |TAMS 0x0000000087100000, 0x0000000087100000| Untracked 
| 114|0x0000000087200000, 0x0000000087200000, 0x0000000087300000|  0%| F|  |TAMS 0x0000000087200000, 0x0000000087200000| Untracked 
| 115|0x0000000087300000, 0x0000000087400000, 0x0000000087400000|100%| E|  |TAMS 0x0000000087300000, 0x0000000087300000| Complete 
| 116|0x0000000087400000, 0x0000000087500000, 0x0000000087500000|100%| E|CS|TAMS 0x0000000087400000, 0x0000000087400000| Complete 
| 117|0x0000000087500000, 0x0000000087600000, 0x0000000087600000|100%| E|CS|TAMS 0x0000000087500000, 0x0000000087500000| Complete 
| 118|0x0000000087600000, 0x0000000087700000, 0x0000000087700000|100%| E|CS|TAMS 0x0000000087600000, 0x0000000087600000| Complete 
| 119|0x0000000087700000, 0x0000000087800000, 0x0000000087800000|100%| E|CS|TAMS 0x0000000087700000, 0x0000000087700000| Complete 
| 120|0x0000000087800000, 0x0000000087900000, 0x0000000087900000|100%| E|CS|TAMS 0x0000000087800000, 0x0000000087800000| Complete 
| 121|0x0000000087900000, 0x0000000087a00000, 0x0000000087a00000|100%| E|CS|TAMS 0x0000000087900000, 0x0000000087900000| Complete 
| 122|0x0000000087a00000, 0x0000000087b00000, 0x0000000087b00000|100%| E|CS|TAMS 0x0000000087a00000, 0x0000000087a00000| Complete 
| 123|0x0000000087b00000, 0x0000000087c00000, 0x0000000087c00000|100%| E|CS|TAMS 0x0000000087b00000, 0x0000000087b00000| Complete 
| 124|0x0000000087c00000, 0x0000000087d00000, 0x0000000087d00000|100%| E|CS|TAMS 0x0000000087c00000, 0x0000000087c00000| Complete 
| 125|0x0000000087d00000, 0x0000000087e00000, 0x0000000087e00000|100%| E|CS|TAMS 0x0000000087d00000, 0x0000000087d00000| Complete 
| 126|0x0000000087e00000, 0x0000000087f00000, 0x0000000087f00000|100%| E|CS|TAMS 0x0000000087e00000, 0x0000000087e00000| Complete 
| 127|0x0000000087f00000, 0x0000000088000000, 0x0000000088000000|100%| E|CS|TAMS 0x0000000087f00000, 0x0000000087f00000| Complete 

Card table byte_map: [0x00000282dd2b0000,0x00000282dd6b0000] _byte_map_base: 0x00000282dceb0000

Marking Bits (Prev, Next): (CMBitMap*) 0x00000282ca3f9ce0, (CMBitMap*) 0x00000282ca3f9ca8
 Prev Bits: [0x00000282dfab0000, 0x00000282e1ab0000)
 Next Bits: [0x00000282ddab0000, 0x00000282dfab0000)

Polling page: 0x00000282c9ba0000

Metaspace:

Usage:
  Non-class:     34.83 MB capacity,    34.30 MB ( 98%) used,   456.00 KB (  1%) free+waste,    93.50 KB ( <1%) overhead. 
      Class:      5.40 MB capacity,     5.05 MB ( 94%) used,   311.72 KB (  6%) free+waste,    44.88 KB ( <1%) overhead. 
       Both:     40.23 MB capacity,    39.35 MB ( 98%) used,   767.72 KB (  2%) free+waste,   138.38 KB ( <1%) overhead. 

Virtual space:
  Non-class space:       36.00 MB reserved,      35.00 MB ( 97%) committed 
      Class space:        1.00 GB reserved,       5.45 MB ( <1%) committed 
             Both:        1.04 GB reserved,      40.45 MB (  4%) committed 

Chunk freelists:
   Non-Class:  43.00 KB
       Class:  5.00 KB
        Both:  48.00 KB

MaxMetaspaceSize: 17179869184.00 GB
CompressedClassSpaceSize: 1.00 GB

CodeHeap 'non-profiled nmethods': size=120064Kb used=2015Kb max_used=2015Kb free=118049Kb
 bounds [0x00000282d5970000, 0x00000282d5be0000, 0x00000282dceb0000]
CodeHeap 'profiled nmethods': size=120000Kb used=7570Kb max_used=7570Kb free=112429Kb
 bounds [0x00000282ce440000, 0x00000282cebb0000, 0x00000282d5970000]
CodeHeap 'non-nmethods': size=5696Kb used=2199Kb max_used=2222Kb free=3496Kb
 bounds [0x00000282cdeb0000, 0x00000282ce120000, 0x00000282ce440000]
 total_blobs=4409 nmethods=3643 adapters=677
 compilation: enabled
              stopped_count=0, restarted_count=0
 full_count=0

Compilation events (20 events):
Event: 11.335 Thread 0x00000282e3fc7800 3636       3       org.objectweb.asm.Type::getSort (19 bytes)
Event: 11.335 Thread 0x00000282e3fc7800 nmethod 3636 0x00000282ceb9c490 code [0x00000282ceb9c640, 0x00000282ceb9c798]
Event: 11.336 Thread 0x00000282e3fc2000 nmethod 3627 0x00000282d5b66d10 code [0x00000282d5b66ee0, 0x00000282d5b67298]
Event: 11.336 Thread 0x00000282e3fc2000 3635       4       org.objectweb.asm.Frame::execute (2318 bytes)
Event: 11.336 Thread 0x00000282e3fc7800 3637       3       com.google.common.collect.AbstractMapBasedMultimap$WrappedCollection$WrappedIterator::validateIterator (30 bytes)
Event: 11.337 Thread 0x00000282e3fc7800 nmethod 3637 0x00000282ceb9c810 code [0x00000282ceb9c9e0, 0x00000282ceb9ccb8]
Event: 11.337 Thread 0x00000282e3fc7800 3638       3       com.google.common.collect.LinkedHashMultimap$ValueSet$1::hasNext (21 bytes)
Event: 11.337 Thread 0x00000282e3fc7800 nmethod 3638 0x00000282ceb9ce10 code [0x00000282ceb9cfe0, 0x00000282ceb9d2c8]
Event: 11.337 Thread 0x00000282e3fc7800 3639       1       java.lang.reflect.Constructor::getSignature (5 bytes)
Event: 11.337 Thread 0x00000282e3fc7800 nmethod 3639 0x00000282d5b67610 code [0x00000282d5b677c0, 0x00000282d5b67878]
Event: 11.340 Thread 0x00000282e3fc7800 3640       3       com.google.common.collect.CollectPreconditions::checkNonnegative (37 bytes)
Event: 11.341 Thread 0x00000282e3fc7800 nmethod 3640 0x00000282ceb9d410 code [0x00000282ceb9d680, 0x00000282ceb9df88]
Event: 11.349 Thread 0x00000282e3fc7800 3641       3       org.gradle.internal.service.DefaultServiceRegistry$FactoryService::<init> (7 bytes)
Event: 11.349 Thread 0x00000282e3fc7800 nmethod 3641 0x00000282ceb9e310 code [0x00000282ceb9e540, 0x00000282ceb9ed88]
Event: 11.364 Thread 0x00000282e3fc7800 3642   !   3       org.gradle.internal.event.AbstractBroadcastDispatch::dispatch (74 bytes)
Event: 11.365 Thread 0x00000282e3fc7800 nmethod 3642 0x00000282ceb9f010 code [0x00000282ceb9f300, 0x00000282ceba0268]
Event: 11.366 Thread 0x00000282e3fc7800 3643       1       org.gradle.internal.operations.BuildOperationDescriptor::getDetails (5 bytes)
Event: 11.366 Thread 0x00000282e3fc7800 nmethod 3643 0x00000282d5b67910 code [0x00000282d5b67ac0, 0x00000282d5b67b78]
Event: 11.371 Thread 0x00000282e3fc7800 3644   !   3       java.nio.charset.CharsetDecoder::decode (287 bytes)
Event: 11.374 Thread 0x00000282e3fc7800 nmethod 3644 0x00000282ceba0890 code [0x00000282ceba0bc0, 0x00000282ceba20d8]

GC Heap History (18 events):
Event: 1.331 GC heap before
{Heap before GC invocations=0 (full 0):
 garbage-first heap   total 131072K, used 16384K [0x0000000080000000, 0x0000000100000000)
  region size 1024K, 14 young (14336K), 0 survivors (0K)
 Metaspace       used 6766K, capacity 6937K, committed 7168K, reserved 1056768K
  class space    used 585K, capacity 650K, committed 768K, reserved 1048576K
}
Event: 1.336 GC heap after
{Heap after GC invocations=1 (full 0):
 garbage-first heap   total 131072K, used 4558K [0x0000000080000000, 0x0000000100000000)
  region size 1024K, 2 young (2048K), 2 survivors (2048K)
 Metaspace       used 6766K, capacity 6937K, committed 7168K, reserved 1056768K
  class space    used 585K, capacity 650K, committed 768K, reserved 1048576K
}
Event: 1.771 GC heap before
{Heap before GC invocations=1 (full 0):
 garbage-first heap   total 131072K, used 18894K [0x0000000080000000, 0x0000000100000000)
  region size 1024K, 13 young (13312K), 2 survivors (2048K)
 Metaspace       used 10222K, capacity 10437K, committed 10624K, reserved 1058816K
  class space    used 1065K, capacity 1139K, committed 1152K, reserved 1048576K
}
Event: 1.776 GC heap after
{Heap after GC invocations=2 (full 0):
 garbage-first heap   total 131072K, used 10089K [0x0000000080000000, 0x0000000100000000)
  region size 1024K, 2 young (2048K), 2 survivors (2048K)
 Metaspace       used 10222K, capacity 10437K, committed 10624K, reserved 1058816K
  class space    used 1065K, capacity 1139K, committed 1152K, reserved 1048576K
}
Event: 2.510 GC heap before
{Heap before GC invocations=2 (full 0):
 garbage-first heap   total 131072K, used 37737K [0x0000000080000000, 0x0000000100000000)
  region size 1024K, 29 young (29696K), 2 survivors (2048K)
 Metaspace       used 11171K, capacity 11390K, committed 11520K, reserved 1058816K
  class space    used 1168K, capacity 1243K, committed 1280K, reserved 1048576K
}
Event: 2.514 GC heap after
{Heap after GC invocations=3 (full 0):
 garbage-first heap   total 131072K, used 12573K [0x0000000080000000, 0x0000000100000000)
  region size 1024K, 4 young (4096K), 4 survivors (4096K)
 Metaspace       used 11171K, capacity 11390K, committed 11520K, reserved 1058816K
  class space    used 1168K, capacity 1243K, committed 1280K, reserved 1048576K
}
Event: 4.978 GC heap before
{Heap before GC invocations=3 (full 0):
 garbage-first heap   total 131072K, used 54557K [0x0000000080000000, 0x0000000100000000)
  region size 1024K, 44 young (45056K), 4 survivors (4096K)
 Metaspace       used 17506K, capacity 17912K, committed 18048K, reserved 1064960K
  class space    used 2037K, capacity 2174K, committed 2176K, reserved 1048576K
}
Event: 5.004 GC heap after
{Heap after GC invocations=4 (full 0):
 garbage-first heap   total 131072K, used 16651K [0x0000000080000000, 0x0000000100000000)
  region size 1024K, 6 young (6144K), 6 survivors (6144K)
 Metaspace       used 17506K, capacity 17912K, committed 18048K, reserved 1064960K
  class space    used 2037K, capacity 2174K, committed 2176K, reserved 1048576K
}
Event: 5.549 GC heap before
{Heap before GC invocations=4 (full 0):
 garbage-first heap   total 131072K, used 44299K [0x0000000080000000, 0x0000000100000000)
  region size 1024K, 34 young (34816K), 6 survivors (6144K)
 Metaspace       used 20555K, capacity 21104K, committed 21248K, reserved 1067008K
  class space    used 2503K, capacity 2690K, committed 2816K, reserved 1048576K
}
Event: 5.558 GC heap after
{Heap after GC invocations=5 (full 0):
 garbage-first heap   total 131072K, used 17772K [0x0000000080000000, 0x0000000100000000)
  region size 1024K, 1 young (1024K), 1 survivors (1024K)
 Metaspace       used 20555K, capacity 21104K, committed 21248K, reserved 1067008K
  class space    used 2503K, capacity 2690K, committed 2816K, reserved 1048576K
}
Event: 6.649 GC heap before
{Heap before GC invocations=6 (full 0):
 garbage-first heap   total 131072K, used 65900K [0x0000000080000000, 0x0000000100000000)
  region size 1024K, 49 young (50176K), 1 survivors (1024K)
 Metaspace       used 25675K, capacity 26340K, committed 26368K, reserved 1073152K
  class space    used 3350K, capacity 3568K, committed 3584K, reserved 1048576K
}
Event: 6.655 GC heap after
{Heap after GC invocations=7 (full 0):
 garbage-first heap   total 131072K, used 19376K [0x0000000080000000, 0x0000000100000000)
  region size 1024K, 3 young (3072K), 3 survivors (3072K)
 Metaspace       used 25675K, capacity 26340K, committed 26368K, reserved 1073152K
  class space    used 3350K, capacity 3568K, committed 3584K, reserved 1048576K
}
Event: 8.717 GC heap before
{Heap before GC invocations=7 (full 0):
 garbage-first heap   total 131072K, used 74672K [0x0000000080000000, 0x0000000100000000)
  region size 1024K, 57 young (58368K), 3 survivors (3072K)
 Metaspace       used 33792K, capacity 34562K, committed 34688K, reserved 1079296K
  class space    used 4380K, capacity 4672K, committed 4736K, reserved 1048576K
}
Event: 8.727 GC heap after
{Heap after GC invocations=8 (full 0):
 garbage-first heap   total 131072K, used 22349K [0x0000000080000000, 0x0000000100000000)
  region size 1024K, 6 young (6144K), 6 survivors (6144K)
 Metaspace       used 33792K, capacity 34562K, committed 34688K, reserved 1079296K
  class space    used 4380K, capacity 4672K, committed 4736K, reserved 1048576K
}
Event: 9.133 GC heap before
{Heap before GC invocations=8 (full 0):
 garbage-first heap   total 131072K, used 27469K [0x0000000080000000, 0x0000000100000000)
  region size 1024K, 13 young (13312K), 6 survivors (6144K)
 Metaspace       used 35065K, capacity 35838K, committed 35840K, reserved 1081344K
  class space    used 4536K, capacity 4864K, committed 4864K, reserved 1048576K
}
Event: 9.151 GC heap after
{Heap after GC invocations=9 (full 0):
 garbage-first heap   total 131072K, used 23256K [0x0000000080000000, 0x0000000100000000)
  region size 1024K, 4 young (4096K), 4 survivors (4096K)
 Metaspace       used 35065K, capacity 35838K, committed 35840K, reserved 1081344K
  class space    used 4536K, capacity 4864K, committed 4864K, reserved 1048576K
}
Event: 11.035 GC heap before
{Heap before GC invocations=10 (full 0):
 garbage-first heap   total 131072K, used 82648K [0x0000000080000000, 0x0000000100000000)
  region size 1024K, 60 young (61440K), 4 survivors (4096K)
 Metaspace       used 39168K, capacity 40035K, committed 40268K, reserved 1083392K
  class space    used 4992K, capacity 5319K, committed 5452K, reserved 1048576K
}
Event: 11.058 GC heap after
{Heap after GC invocations=11 (full 0):
 garbage-first heap   total 131072K, used 28115K [0x0000000080000000, 0x0000000100000000)
  region size 1024K, 8 young (8192K), 8 survivors (8192K)
 Metaspace       used 39168K, capacity 40035K, committed 40268K, reserved 1083392K
  class space    used 4992K, capacity 5319K, committed 5452K, reserved 1048576K
}

Deoptimization events (20 events):
Event: 11.198 Thread 0x00000282e5c41800 DEOPT PACKING pc=0x00000282d5b1f0b4 sp=0x000000d3f5dfa820
Event: 11.198 Thread 0x00000282e5c41800 DEOPT UNPACKING pc=0x00000282cded78af sp=0x000000d3f5dfa718 mode 2
Event: 11.262 Thread 0x00000282e7435000 Uncommon trap: trap_request=0xffffffbe fr.pc=0x00000282d5acc388 relative=0x0000000000000388
Event: 11.262 Thread 0x00000282e7435000 Uncommon trap: reason=profile_predicate action=maybe_recompile pc=0x00000282d5acc388 method=java.util.stream.ReferencePipeline.forEachWithCancel(Ljava/util/Spliterator;Ljava/util/stream/Sink;)Z @ 8 c2
Event: 11.262 Thread 0x00000282e7435000 DEOPT PACKING pc=0x00000282d5acc388 sp=0x000000d3f58fee40
Event: 11.262 Thread 0x00000282e7435000 DEOPT UNPACKING pc=0x00000282cded78af sp=0x000000d3f58fede0 mode 2
Event: 11.368 Thread 0x00000282e5c41800 Uncommon trap: trap_request=0xffffffde fr.pc=0x00000282d5b1f0b4 relative=0x0000000000003174
Event: 11.368 Thread 0x00000282e5c41800 Uncommon trap: reason=class_check action=maybe_recompile pc=0x00000282d5b1f0b4 method=java.util.regex.Pattern$CharProperty.study(Ljava/util/regex/Pattern$TreeInfo;)Z @ 25 c2
Event: 11.368 Thread 0x00000282e5c41800 DEOPT PACKING pc=0x00000282d5b1f0b4 sp=0x000000d3f5dfa890
Event: 11.368 Thread 0x00000282e5c41800 DEOPT UNPACKING pc=0x00000282cded78af sp=0x000000d3f5dfa788 mode 2
Event: 11.372 Thread 0x00000282e5c41800 Uncommon trap: trap_request=0xffffffde fr.pc=0x00000282d5b1f0b4 relative=0x0000000000003174
Event: 11.372 Thread 0x00000282e5c41800 Uncommon trap: reason=class_check action=maybe_recompile pc=0x00000282d5b1f0b4 method=java.util.regex.Pattern$CharProperty.study(Ljava/util/regex/Pattern$TreeInfo;)Z @ 25 c2
Event: 11.372 Thread 0x00000282e5c41800 DEOPT PACKING pc=0x00000282d5b1f0b4 sp=0x000000d3f5dfa890
Event: 11.372 Thread 0x00000282e5c41800 DEOPT UNPACKING pc=0x00000282cded78af sp=0x000000d3f5dfa788 mode 2
Event: 11.373 Thread 0x00000282e5c41800 DEOPT PACKING pc=0x00000282ce6a2917 sp=0x000000d3f5dfa530
Event: 11.373 Thread 0x00000282e5c41800 DEOPT UNPACKING pc=0x00000282cded76ce sp=0x000000d3f5df9ab8 mode 0
Event: 11.373 Thread 0x00000282e5c41800 Uncommon trap: trap_request=0xffffffde fr.pc=0x00000282d5b1f0b4 relative=0x0000000000003174
Event: 11.373 Thread 0x00000282e5c41800 Uncommon trap: reason=class_check action=maybe_recompile pc=0x00000282d5b1f0b4 method=java.util.regex.Pattern$CharProperty.study(Ljava/util/regex/Pattern$TreeInfo;)Z @ 25 c2
Event: 11.373 Thread 0x00000282e5c41800 DEOPT PACKING pc=0x00000282d5b1f0b4 sp=0x000000d3f5dfa890
Event: 11.373 Thread 0x00000282e5c41800 DEOPT UNPACKING pc=0x00000282cded78af sp=0x000000d3f5dfa788 mode 2

Classes redefined (0 events):
No events

Internal exceptions (20 events):
Event: 10.484 Thread 0x00000282e5c41800 Exception <a 'java/lang/ClassNotFoundException'{0x00000000852785a0}: org/gradle/api/internal/provider/AbstractMinimalProviderCustomizer> (0x00000000852785a0) thrown at [./src/hotspot/share/classfile/systemDictionary.cpp, line 231]
Event: 10.497 Thread 0x00000282e5c41800 Exception <a 'java/lang/ClassNotFoundException'{0x00000000852d8338}: org/gradle/api/internal/provider/AbstractPropertyCustomizer> (0x00000000852d8338) thrown at [./src/hotspot/share/classfile/systemDictionary.cpp, line 231]
Event: 10.499 Thread 0x00000282e5c41800 Exception <a 'java/lang/ClassNotFoundException'{0x000000008510afb0}: org/gradle/api/internal/provider/DefaultPropertyCustomizer> (0x000000008510afb0) thrown at [./src/hotspot/share/classfile/systemDictionary.cpp, line 231]
Event: 10.693 Thread 0x00000282e5c41800 Exception <a 'java/lang/ClassNotFoundException'{0x0000000084cdebb8}: org/gradle/api/internal/artifacts/dsl/DefaultRepositoryHandler_DecoratedBeanInfo> (0x0000000084cdebb8) thrown at [./src/hotspot/share/classfile/systemDictionary.cpp, line 231]
Event: 10.695 Thread 0x00000282e5c41800 Exception <a 'java/lang/ClassNotFoundException'{0x0000000084b17d30}: org/gradle/api/internal/artifacts/dsl/DefaultRepositoryHandlerBeanInfo> (0x0000000084b17d30) thrown at [./src/hotspot/share/classfile/systemDictionary.cpp, line 231]
Event: 10.696 Thread 0x00000282e5c41800 Exception <a 'java/lang/ClassNotFoundException'{0x0000000084b52f80}: org/gradle/api/internal/artifacts/DefaultArtifactRepositoryContainerBeanInfo> (0x0000000084b52f80) thrown at [./src/hotspot/share/classfile/systemDictionary.cpp, line 231]
Event: 10.697 Thread 0x00000282e5c41800 Exception <a 'java/lang/ClassNotFoundException'{0x0000000084b7d010}: org/gradle/api/internal/DefaultNamedDomainObjectListBeanInfo> (0x0000000084b7d010) thrown at [./src/hotspot/share/classfile/systemDictionary.cpp, line 231]
Event: 10.702 Thread 0x00000282e5c41800 Exception <a 'java/lang/ClassNotFoundException'{0x0000000084ba8c30}: org/gradle/api/internal/DefaultNamedDomainObjectCollectionBeanInfo> (0x0000000084ba8c30) thrown at [./src/hotspot/share/classfile/systemDictionary.cpp, line 231]
Event: 10.703 Thread 0x00000282e5c41800 Exception <a 'java/lang/ClassNotFoundException'{0x0000000084bd3de0}: org/gradle/api/internal/DefaultDomainObjectCollectionBeanInfo> (0x0000000084bd3de0) thrown at [./src/hotspot/share/classfile/systemDictionary.cpp, line 231]
Event: 10.704 Thread 0x00000282e5c41800 Exception <a 'java/lang/ClassNotFoundException'{0x0000000084bda018}: java/util/AbstractCollectionBeanInfo> (0x0000000084bda018) thrown at [./src/hotspot/share/classfile/systemDictionary.cpp, line 231]
Event: 10.704 Thread 0x00000282e5c41800 Exception <a 'java/lang/ClassNotFoundException'{0x0000000084be0798}: java/util/AbstractCollectionCustomizer> (0x0000000084be0798) thrown at [./src/hotspot/share/classfile/systemDictionary.cpp, line 231]
Event: 10.707 Thread 0x00000282e5c41800 Exception <a 'java/lang/ClassNotFoundException'{0x0000000084a148a0}: org/gradle/api/internal/DefaultDomainObjectCollectionCustomizer> (0x0000000084a148a0) thrown at [./src/hotspot/share/classfile/systemDictionary.cpp, line 231]
Event: 10.711 Thread 0x00000282e5c41800 Exception <a 'java/lang/ClassNotFoundException'{0x0000000084a5d188}: org/gradle/api/internal/DefaultNamedDomainObjectCollectionCustomizer> (0x0000000084a5d188) thrown at [./src/hotspot/share/classfile/systemDictionary.cpp, line 231]
Event: 10.718 Thread 0x00000282e5c41800 Exception <a 'java/lang/ClassNotFoundException'{0x0000000084ad5458}: org/gradle/api/internal/DefaultNamedDomainObjectListCustomizer> (0x0000000084ad5458) thrown at [./src/hotspot/share/classfile/systemDictionary.cpp, line 231]
Event: 10.721 Thread 0x00000282e5c41800 Exception <a 'java/lang/ClassNotFoundException'{0x000000008492a480}: org/gradle/api/internal/artifacts/DefaultArtifactRepositoryContainerCustomizer> (0x000000008492a480) thrown at [./src/hotspot/share/classfile/systemDictionary.cpp, line 231]
Event: 10.732 Thread 0x00000282e5c41800 Exception <a 'java/lang/ClassNotFoundException'{0x00000000849746a8}: org/gradle/api/internal/artifacts/dsl/DefaultRepositoryHandlerCustomizer> (0x00000000849746a8) thrown at [./src/hotspot/share/classfile/systemDictionary.cpp, line 231]
Event: 10.742 Thread 0x00000282e5c41800 Exception <a 'java/lang/ClassNotFoundException'{0x00000000849d1948}: org/gradle/api/internal/artifacts/dsl/DefaultRepositoryHandler_DecoratedCustomizer> (0x00000000849d1948) thrown at [./src/hotspot/share/classfile/systemDictionary.cpp, line 231]
Event: 11.030 Thread 0x00000282e5c41800 Exception <a 'java/lang/ClassNotFoundException'{0x00000000844c0800}: org/gradle/initialization/DefaultProjectDescriptorBeanInfo> (0x00000000844c0800) thrown at [./src/hotspot/share/classfile/systemDictionary.cpp, line 231]
Event: 11.031 Thread 0x00000282e5c41800 Exception <a 'java/lang/ClassNotFoundException'{0x00000000844e5938}: org/gradle/initialization/DefaultProjectDescriptorCustomizer> (0x00000000844e5938) thrown at [./src/hotspot/share/classfile/systemDictionary.cpp, line 231]
Event: 11.066 Thread 0x00000282e5c41800 Implicit null exception at 0x00000282d5ac576c to 0x00000282d5ac5814

Events (20 events):
Event: 11.364 loading class org/gradle/initialization/NotifyingBuildLoader$3
Event: 11.364 loading class org/gradle/initialization/NotifyingBuildLoader$3 done
Event: 11.364 loading class org/gradle/initialization/NotifyingBuildLoader$3$1
Event: 11.364 loading class org/gradle/initialization/NotifyingBuildLoader$3$1 done
Event: 11.365 loading class org/gradle/initialization/NotifyProjectsLoadedBuildOperationType$Details
Event: 11.365 loading class org/gradle/initialization/NotifyProjectsLoadedBuildOperationType$Details done
Event: 11.365 loading class java/util/ArrayList$ListItr
Event: 11.365 loading class java/util/ArrayList$ListItr done
Event: 11.365 Executing VM operation: Deoptimize
Event: 11.366 Executing VM operation: Deoptimize done
Event: 11.366 loading class org/gradle/initialization/buildsrc/BuildSrcDetector
Event: 11.366 loading class org/gradle/initialization/buildsrc/BuildSrcDetector done
Event: 11.367 loading class org/gradle/configuration/project/ConfigureActionsProjectEvaluator
Event: 11.367 loading class org/gradle/configuration/project/ConfigureActionsProjectEvaluator done
Event: 11.369 loading class org/gradle/api/plugins/internal/HelpTasksAutoApplyAction
Event: 11.369 loading class org/gradle/api/plugins/internal/HelpTasksAutoApplyAction done
Event: 11.372 loading class org/gradle/jvm/toolchain/internal/task/ShowToolchainsTaskConfigurator
Event: 11.372 loading class org/gradle/jvm/toolchain/internal/task/ShowToolchainsTaskConfigurator done
Event: 11.373 loading class org/gradle/kotlin/dsl/tooling/builders/KotlinScriptingModelBuildersRegistrationAction
Event: 11.373 loading class org/gradle/kotlin/dsl/tooling/builders/KotlinScriptingModelBuildersRegistrationAction done


Dynamic libraries:
0x00007ff62f5b0000 - 0x00007ff62f5ba000 	D:\Android\Android Studio\jre\bin\java.exe
0x00007ffa532f0000 - 0x00007ffa534e5000 	C:\WINDOWS\SYSTEM32\ntdll.dll
0x00007ffa52680000 - 0x00007ffa5273e000 	C:\WINDOWS\System32\KERNEL32.DLL
0x00007ffa50e40000 - 0x00007ffa51109000 	C:\WINDOWS\System32\KERNELBASE.dll
0x00007ffa50d40000 - 0x00007ffa50e40000 	C:\WINDOWS\System32\ucrtbase.dll
0x00007ffa49150000 - 0x00007ffa49169000 	D:\Android\Android Studio\jre\bin\jli.dll
0x00007ffa522d0000 - 0x00007ffa52471000 	C:\WINDOWS\System32\USER32.dll
0x00007ffa512b0000 - 0x00007ffa512d2000 	C:\WINDOWS\System32\win32u.dll
0x00007ffa53060000 - 0x00007ffa5308b000 	C:\WINDOWS\System32\GDI32.dll
0x00007ffa50a10000 - 0x00007ffa50b1b000 	C:\WINDOWS\System32\gdi32full.dll
0x00007ffa51160000 - 0x00007ffa511fd000 	C:\WINDOWS\System32\msvcp_win.dll
0x00007ffa483a0000 - 0x00007ffa483b7000 	D:\Android\Android Studio\jre\bin\VCRUNTIME140.dll
0x00007ffa3d560000 - 0x00007ffa3d7fa000 	C:\WINDOWS\WinSxS\amd64_microsoft.windows.common-controls_6595b64144ccf1df_6.0.19041.1110_none_60b5254171f9507e\COMCTL32.dll
0x00007ffa52480000 - 0x00007ffa5251e000 	C:\WINDOWS\System32\msvcrt.dll
0x00007ffa53090000 - 0x00007ffa530c0000 	C:\WINDOWS\System32\IMM32.DLL
0x00007ffa3a840000 - 0x00007ffa3a8dd000 	D:\Android\Android Studio\jre\bin\msvcp140.dll
0x00007ffa0ff80000 - 0x00007ffa10a4f000 	D:\Android\Android Studio\jre\bin\server\jvm.dll
0x00007ffa53200000 - 0x00007ffa532ac000 	C:\WINDOWS\System32\ADVAPI32.dll
0x00007ffa51340000 - 0x00007ffa513db000 	C:\WINDOWS\System32\sechost.dll
0x00007ffa521a0000 - 0x00007ffa522ca000 	C:\WINDOWS\System32\RPCRT4.dll
0x00007ffa52520000 - 0x00007ffa52528000 	C:\WINDOWS\System32\PSAPI.DLL
0x00007ffa39380000 - 0x00007ffa39389000 	C:\WINDOWS\SYSTEM32\WSOCK32.dll
0x00007ffa52810000 - 0x00007ffa5287b000 	C:\WINDOWS\System32\WS2_32.dll
0x00007ffa39670000 - 0x00007ffa39697000 	C:\WINDOWS\SYSTEM32\WINMM.dll
0x00007ffa46bc0000 - 0x00007ffa46bca000 	C:\WINDOWS\SYSTEM32\VERSION.dll
0x00007ffa4f2e0000 - 0x00007ffa4f2f2000 	C:\WINDOWS\SYSTEM32\kernel.appcore.dll
0x00007ffa490b0000 - 0x00007ffa490c1000 	D:\Android\Android Studio\jre\bin\verify.dll
0x00007ffa4ef60000 - 0x00007ffa4f144000 	C:\WINDOWS\SYSTEM32\DBGHELP.DLL
0x00007ffa35b40000 - 0x00007ffa35b6c000 	C:\WINDOWS\SYSTEM32\dbgcore.DLL
0x00007ffa50b50000 - 0x00007ffa50bd3000 	C:\WINDOWS\System32\bcryptPrimitives.dll
0x00007ffa49080000 - 0x00007ffa490a9000 	D:\Android\Android Studio\jre\bin\java.dll
0x00007ffa4c4d0000 - 0x00007ffa4c4db000 	D:\Android\Android Studio\jre\bin\jimage.dll
0x00007ffa48fe0000 - 0x00007ffa48ff8000 	D:\Android\Android Studio\jre\bin\zip.dll
0x00007ffa516a0000 - 0x00007ffa51ddf000 	C:\WINDOWS\System32\SHELL32.dll
0x00007ffa4e7c0000 - 0x00007ffa4ef50000 	C:\WINDOWS\SYSTEM32\windows.storage.dll
0x00007ffa52d00000 - 0x00007ffa53055000 	C:\WINDOWS\System32\combase.dll
0x00007ffa50390000 - 0x00007ffa503bc000 	C:\WINDOWS\SYSTEM32\Wldp.dll
0x00007ffa520f0000 - 0x00007ffa5219d000 	C:\WINDOWS\System32\SHCORE.dll
0x00007ffa51e40000 - 0x00007ffa51e95000 	C:\WINDOWS\System32\shlwapi.dll
0x00007ffa50950000 - 0x00007ffa5096f000 	C:\WINDOWS\SYSTEM32\profapi.dll
0x00007ffa48fc0000 - 0x00007ffa48fda000 	D:\Android\Android Studio\jre\bin\net.dll
0x00007ffa3fc60000 - 0x00007ffa3fd68000 	C:\WINDOWS\SYSTEM32\WINHTTP.dll
0x00007ffa500f0000 - 0x00007ffa5015a000 	C:\WINDOWS\system32\mswsock.dll
0x00007ffa48fa0000 - 0x00007ffa48fb4000 	D:\Android\Android Studio\jre\bin\nio.dll
0x00007ffa3c840000 - 0x00007ffa3c867000 	C:\Users\manmanjiang\.gradle\native\8bec1ad78214c89d9ad589b4d07fe93259594b29d510b10fafb7a158f7737e5d\windows-amd64\native-platform.dll
0x00007ffa267b0000 - 0x00007ffa268ed000 	C:\Users\manmanjiang\.gradle\native\53dbd7edfb1c66fb8903c78663c9afc45aea4f116125fa6feffd364cf09443e8\windows-amd64\native-platform-file-events.dll
0x00007ffa4c4a0000 - 0x00007ffa4c4aa000 	D:\Android\Android Studio\jre\bin\management.dll
0x00007ffa4bbf0000 - 0x00007ffa4bbfc000 	D:\Android\Android Studio\jre\bin\management_ext.dll
0x00007ffa502e0000 - 0x00007ffa502f8000 	C:\WINDOWS\SYSTEM32\CRYPTSP.dll
0x00007ffa4fa70000 - 0x00007ffa4faa4000 	C:\WINDOWS\system32\rsaenh.dll
0x00007ffa50b20000 - 0x00007ffa50b47000 	C:\WINDOWS\System32\bcrypt.dll
0x00007ffa508d0000 - 0x00007ffa508fe000 	C:\WINDOWS\SYSTEM32\USERENV.dll
0x00007ffa50300000 - 0x00007ffa5030c000 	C:\WINDOWS\SYSTEM32\CRYPTBASE.dll
0x00007ffa4fde0000 - 0x00007ffa4fe1b000 	C:\WINDOWS\SYSTEM32\IPHLPAPI.DLL
0x00007ffa520e0000 - 0x00007ffa520e8000 	C:\WINDOWS\System32\NSI.dll
0x00007ffa46e00000 - 0x00007ffa46e17000 	C:\WINDOWS\SYSTEM32\dhcpcsvc6.DLL
0x00007ffa46d70000 - 0x00007ffa46d8d000 	C:\WINDOWS\SYSTEM32\dhcpcsvc.DLL
0x00007ffa4fe20000 - 0x00007ffa4feec000 	C:\WINDOWS\SYSTEM32\DNSAPI.dll

dbghelp: loaded successfully - version: 4.0.5 - missing functions: none
symbol engine: initialized successfully - sym options: 0x614 - pdb path: .;D:\Android\Android Studio\jre\bin;C:\WINDOWS\SYSTEM32;C:\WINDOWS\WinSxS\amd64_microsoft.windows.common-controls_6595b64144ccf1df_6.0.19041.1110_none_60b5254171f9507e;D:\Android\Android Studio\jre\bin\server;C:\Users\manmanjiang\.gradle\native\8bec1ad78214c89d9ad589b4d07fe93259594b29d510b10fafb7a158f7737e5d\windows-amd64;C:\Users\manmanjiang\.gradle\native\53dbd7edfb1c66fb8903c78663c9afc45aea4f116125fa6feffd364cf09443e8\windows-amd64

VM Arguments:
jvm_args: --add-opens=java.base/java.util=ALL-UNNAMED --add-opens=java.base/java.lang=ALL-UNNAMED --add-opens=java.base/java.lang.invoke=ALL-UNNAMED --add-opens=java.base/java.util=ALL-UNNAMED --add-opens=java.prefs/java.util.prefs=ALL-UNNAMED --add-opens=java.prefs/java.util.prefs=ALL-UNNAMED --add-opens=java.base/java.nio.charset=ALL-UNNAMED --add-opens=java.base/java.net=ALL-UNNAMED --add-opens=java.base/java.util.concurrent.atomic=ALL-UNNAMED -Xmx2048m -Dfile.encoding=UTF-8 -Duser.country=CN -Duser.language=zh -Duser.variant 
java_command: org.gradle.launcher.daemon.bootstrap.GradleDaemon 7.0.2
java_class_path (initial): C:\Users\manmanjiang\.gradle\wrapper\dists\gradle-7.0.2-bin\857tjihv64xamwrf0h14cai3r\gradle-7.0.2\lib\gradle-launcher-7.0.2.jar
Launcher Type: SUN_STANDARD

[Global flags]
     intx CICompilerCount                          = 3                                         {product} {ergonomic}
     uint ConcGCThreads                            = 1                                         {product} {ergonomic}
     uint G1ConcRefinementThreads                  = 4                                         {product} {ergonomic}
   size_t G1HeapRegionSize                         = 1048576                                   {product} {ergonomic}
    uintx GCDrainStackTargetSize                   = 64                                        {product} {ergonomic}
   size_t InitialHeapSize                          = 134217728                                 {product} {ergonomic}
   size_t MarkStackSize                            = 4194304                                   {product} {ergonomic}
   size_t MaxHeapSize                              = 2147483648                                {product} {command line}
   size_t MaxNewSize                               = 1287651328                                {product} {ergonomic}
   size_t MinHeapDeltaBytes                        = 1048576                                   {product} {ergonomic}
    uintx NonNMethodCodeHeapSize                   = 5830732                                {pd product} {ergonomic}
    uintx NonProfiledCodeHeapSize                  = 122913754                              {pd product} {ergonomic}
    uintx ProfiledCodeHeapSize                     = 122913754                              {pd product} {ergonomic}
    uintx ReservedCodeCacheSize                    = 251658240                              {pd product} {ergonomic}
     bool SegmentedCodeCache                       = true                                      {product} {ergonomic}
     bool UseCompressedClassPointers               = true                                 {lp64_product} {ergonomic}
     bool UseCompressedOops                        = true                                 {lp64_product} {ergonomic}
     bool UseG1GC                                  = true                                      {product} {ergonomic}
     bool UseLargePagesIndividualAllocation        = false                                  {pd product} {ergonomic}

Logging:
Log output configuration:
 #0: stdout all=warning uptime,level,tags
 #1: stderr all=off uptime,level,tags

Environment Variables:
PATH=D:\ProgramData\Anaconda3;D:\ProgramData\Anaconda3\Library\mingw-w64\bin;D:\ProgramData\Anaconda3\Library\usr\bin;D:\ProgramData\Anaconda3\Library\bin;D:\ProgramData\Anaconda3\Scripts;D:\app\manmanjiang\product\11.2.0\dbhome_1\bin;D:\Python\Scripts\;D:\Python\;C:\ProgramData\Oracle\Java\javapath;C:\Program Files (x86)\Intel\iCLS Client\;C:\Program Files\Intel\iCLS Client\;C:\WINDOWS\system32;C:\WINDOWS;C:\WINDOWS\System32\Wbem;C:\WINDOWS\System32\WindowsPowerShell\v1.0\;C:\Program Files (x86)\Intel\Intel(R) Management Engine Components\DAL;C:\Program Files\Intel\Intel(R) Management Engine Components\DAL;C:\Program Files (x86)\Intel\Intel(R) Management Engine Components\IPT;C:\Program Files\Intel\Intel(R) Management Engine Components\IPT;C:\WINDOWS\System32\OpenSSH\;C:\Program Files\Intel\WiFi\bin\;C:\Program Files\Common Files\Intel\WirelessCommon\;C:\TDM-GCC-64\bin;C:\Program Files (x86)\Microsoft SQL Server\100\Tools\Binn\;C:\Program Files\Microsoft SQL Server\100\Tools\Binn\;C:\Program Files\Microsoft SQL Server\100\DTS\Binn\;D:\OpenSSL-Win64\bin;D:\Program Files (x86)\Git\cmd;C:\Users\manmanjiang\AppData\Local\Microsoft\WindowsApps;;D:\Program Files (x86)\Microsoft VS Code\bin;C:\Program Files (x86)\Nmap
USERNAME=manmanjiang
OS=Windows_NT
PROCESSOR_IDENTIFIER=Intel64 Family 6 Model 142 Stepping 9, GenuineIntel



---------------  S Y S T E M  ---------------

OS: Windows 10 , 64 bit Build 19041 (10.0.19041.1202)
OS uptime: 6 days 8:48 hours

CPU:total 4 (initial active 4) (2 cores per cpu, 2 threads per core) family 6 model 142 stepping 9 microcode 0xb4, cmov, cx8, fxsr, mmx, sse, sse2, sse3, ssse3, sse4.1, sse4.2, popcnt, avx, avx2, aes, clmul, erms, 3dnowpref, lzcnt, ht, tsc, tscinvbit, bmi1, bmi2, adx, fma

Memory: 4k page, system-wide physical 8073M (276M free)
TotalPageFile size 13628M (AvailPageFile size 0M)
current process WorkingSet (physical memory assigned to process): 221M, peak: 235M
current process commit charge ("private bytes"): 289M, peak: 311M

vm_info: OpenJDK 64-Bit Server VM (11.0.10+0-b96-7249189) for windows-amd64 JRE (11.0.10+0-b96-7249189), built on Mar 31 2021 21:44:00 by "builder" with MS VC++ 14.0 (VS2015)

END.
