#
# There is insufficient memory for the Java Runtime Environment to continue.
# Native memory allocation (mmap) failed to map 365953024 bytes for Failed to commit area from 0x0000000096100000 to 0x00000000abe00000 of length 365953024.
# Possible reasons:
#   The system is out of physical RAM or swap space
#   The process is running with CompressedOops enabled, and the Java Heap may be blocking the growth of the native heap
# Possible solutions:
#   Reduce memory load on the system
#   Increase physical memory or swap space
#   Check if swap backing store is full
#   Decrease Java heap size (-Xmx/-Xms)
#   Decrease number of Java threads
#   Decrease Java thread stack sizes (-Xss)
#   Set larger code cache with -XX:ReservedCodeCacheSize=
#   JVM is running with Unscaled Compressed Oops mode in which the Java heap is
#     placed in the first 4GB address space. The Java Heap base address is the
#     maximum limit for the native heap growth. Please use -XX:HeapBaseMinAddress
#     to set the Java Heap base and to place the Java Heap above 4GB virtual address.
# This output file may be truncated or incomplete.
#
#  Out of Memory Error (./src/hotspot/os/windows/os_windows.cpp:3301), pid=7012, tid=564
#
# JRE version: OpenJDK Runtime Environment (11.0.10) (build 11.0.10+0-b96-7249189)
# Java VM: OpenJDK 64-Bit Server VM (11.0.10+0-b96-7249189, mixed mode, tiered, compressed oops, g1 gc, windows-amd64)
# No core dump will be written. Minidumps are not enabled by default on client versions of Windows
#

---------------  S U M M A R Y ------------

Command Line: --add-opens=java.base/java.util=ALL-UNNAMED --add-opens=java.base/java.lang=ALL-UNNAMED --add-opens=java.base/java.lang.invoke=ALL-UNNAMED --add-opens=java.base/java.util=ALL-UNNAMED --add-opens=java.prefs/java.util.prefs=ALL-UNNAMED --add-opens=java.prefs/java.util.prefs=ALL-UNNAMED --add-opens=java.base/java.nio.charset=ALL-UNNAMED --add-opens=java.base/java.net=ALL-UNNAMED --add-opens=java.base/java.util.concurrent.atomic=ALL-UNNAMED -Xmx2048m -Dfile.encoding=UTF-8 -Duser.country=CN -Duser.language=zh -Duser.variant org.gradle.launcher.daemon.bootstrap.GradleDaemon 7.0.2

Host: Intel(R) Core(TM) i7-7500U CPU @ 2.70GHz, 4 cores, 7G,  Windows 10 , 64 bit Build 19041 (10.0.19041.1202)
Time: Fri Oct 29 01:00:32 2021 中国标准时间 elapsed time: 15519.562263 seconds (0d 4h 18m 39s)

---------------  T H R E A D  ---------------

Current thread (0x000001ccd4059800):  VMThread "VM Thread" [stack: 0x00000001e1c00000,0x00000001e1d00000] [id=564]

Stack: [0x00000001e1c00000,0x00000001e1d00000]
[error occurred during error reporting (printing stack bounds), id 0xc0000005, EXCEPTION_ACCESS_VIOLATION (0xc0000005) at pc=0x000001ccbdf80f2d]

Native frames: (J=compiled Java code, j=interpreted, Vv=VM code, C=native code)
V  [jvm.dll+0x5ecfaa]
V  [jvm.dll+0x722bd5]
V  [jvm.dll+0x72412d]
V  [jvm.dll+0x724745]
V  [jvm.dll+0x7246fb]
V  [jvm.dll+0x5ec348]
V  [jvm.dll+0x5ecad8]
C  [ntdll.dll+0xa20cf]
C  [ntdll.dll+0x51454]
C  [ntdll.dll+0xa0bfe]
C  0x000001ccbdf80f2d

VM_Operation (0x00000001e44f8fe0): G1CollectForAllocation, mode: safepoint, requested by thread 0x000001ccd7f9c800


---------------  P R O C E S S  ---------------

Threads class SMR info:
_java_thread_list=0x000001ccdc0b5c80, length=53, elements={
0x000001ccba48c000, 0x000001ccd4060800, 0x000001ccd406a800, 0x000001ccd408d000,
0x000001ccd408e000, 0x000001ccd408f000, 0x000001ccd4092000, 0x000001ccd40ac000,
0x000001ccd4935800, 0x000001ccd4a43000, 0x000001ccd6410800, 0x000001ccd712d800,
0x000001ccd5f10800, 0x000001ccd7128800, 0x000001ccd7124000, 0x000001ccd7122800,
0x000001ccd7615800, 0x000001ccd7613000, 0x000001ccd7616800, 0x000001ccd7611800,
0x000001ccd7619000, 0x000001ccd761a800, 0x000001ccd761b000, 0x000001ccd761d800,
0x000001ccd7f92800, 0x000001ccd761f800, 0x000001ccd7126000, 0x000001ccd7121800,
0x000001ccd7127800, 0x000001ccd7123800, 0x000001ccd7125000, 0x000001ccd7126800,
0x000001ccd7f96000, 0x000001ccd7f94800, 0x000001ccd7f91000, 0x000001ccd7f93800,
0x000001ccd7f95000, 0x000001ccd7f90000, 0x000001ccd7f99000, 0x000001ccd7f9a000,
0x000001ccd7f9b800, 0x000001ccd7f9d800, 0x000001ccd7f98800, 0x000001ccd7f9c800,
0x000001ccd7f9b000, 0x000001ccd7f97800, 0x000001ccd7f9e000, 0x000001ccd7f9f000,
0x000001ccd9e64000, 0x000001ccd9e66000, 0x000001ccd9e66800, 0x000001ccd9e68000,
0x000001ccd9e65000
}

Java Threads: ( => current thread )
  0x000001ccba48c000 JavaThread "main" [_thread_blocked, id=19612, stack(0x00000001e1600000,0x00000001e1700000)]
  0x000001ccd4060800 JavaThread "Reference Handler" daemon [_thread_blocked, id=15828, stack(0x00000001e1d00000,0x00000001e1e00000)]
  0x000001ccd406a800 JavaThread "Finalizer" daemon [_thread_blocked, id=4192, stack(0x00000001e1e00000,0x00000001e1f00000)]
  0x000001ccd408d000 JavaThread "Signal Dispatcher" daemon [_thread_blocked, id=2908, stack(0x00000001e1f00000,0x00000001e2000000)]
  0x000001ccd408e000 JavaThread "Attach Listener" daemon [_thread_blocked, id=18156, stack(0x00000001e2000000,0x00000001e2100000)]
  0x000001ccd408f000 JavaThread "Service Thread" daemon [_thread_blocked, id=17976, stack(0x00000001e2100000,0x00000001e2200000)]
  0x000001ccd4092000 JavaThread "C2 CompilerThread0" daemon [_thread_blocked, id=15916, stack(0x00000001e2200000,0x00000001e2300000)]
  0x000001ccd40ac000 JavaThread "C1 CompilerThread0" daemon [_thread_blocked, id=1812, stack(0x00000001e2300000,0x00000001e2400000)]
  0x000001ccd4935800 JavaThread "Sweeper thread" daemon [_thread_blocked, id=11996, stack(0x00000001e2400000,0x00000001e2500000)]
  0x000001ccd4a43000 JavaThread "Common-Cleaner" daemon [_thread_blocked, id=18532, stack(0x00000001e2500000,0x00000001e2600000)]
  0x000001ccd6410800 JavaThread "Daemon health stats" [_thread_blocked, id=18416, stack(0x00000001e2a00000,0x00000001e2b00000)]
  0x000001ccd712d800 JavaThread "Incoming local TCP Connector on port 3203" [_thread_in_native, id=20192, stack(0x00000001e2700000,0x00000001e2800000)]
  0x000001ccd5f10800 JavaThread "Daemon periodic checks" [_thread_blocked, id=15316, stack(0x00000001e2b00000,0x00000001e2c00000)]
  0x000001ccd7128800 JavaThread "Cache worker for file hash cache (C:\Users\manmanjiang\.gradle\caches\7.0.2\fileHashes)" [_thread_blocked, id=12976, stack(0x00000001e3400000,0x00000001e3500000)]
  0x000001ccd7124000 JavaThread "File lock request listener" [_thread_in_native, id=1280, stack(0x00000001e3500000,0x00000001e3600000)]
  0x000001ccd7122800 JavaThread "Cache worker for journal cache (C:\Users\manmanjiang\.gradle\caches\journal-1)" [_thread_blocked, id=10092, stack(0x00000001e3600000,0x00000001e3700000)]
  0x000001ccd7615800 JavaThread "File watcher server" daemon [_thread_blocked, id=13620, stack(0x00000001e3800000,0x00000001e3900000)]
  0x000001ccd7613000 JavaThread "File watcher consumer" daemon [_thread_blocked, id=5592, stack(0x00000001e3900000,0x00000001e3a00000)]
  0x000001ccd7616800 JavaThread "Cache worker for execution history cache (C:\Users\manmanjiang\.gradle\caches\7.0.2\executionHistory)" [_thread_blocked, id=20548, stack(0x00000001e3e00000,0x00000001e3f00000)]
  0x000001ccd7611800 JavaThread "jar transforms" [_thread_blocked, id=17144, stack(0x00000001e3f00000,0x00000001e4000000)]
  0x000001ccd7619000 JavaThread "jar transforms Thread 2" [_thread_blocked, id=8216, stack(0x00000001e4000000,0x00000001e4100000)]
  0x000001ccd761a800 JavaThread "Cache worker for file content cache (C:\Users\manmanjiang\.gradle\caches\7.0.2\fileContent)" [_thread_blocked, id=17732, stack(0x00000001e4100000,0x00000001e4200000)]
  0x000001ccd761b000 JavaThread "jar transforms Thread 3" [_thread_blocked, id=5952, stack(0x00000001e4300000,0x00000001e4400000)]
  0x000001ccd761d800 JavaThread "jar transforms Thread 4" [_thread_blocked, id=14700, stack(0x00000001e4900000,0x00000001e4a00000)]
  0x000001ccd7f92800 JavaThread "Memory manager" [_thread_blocked, id=19436, stack(0x00000001e4a00000,0x00000001e4b00000)]
  0x000001ccd761f800 JavaThread "Cache worker for Java compile cache (C:\Users\manmanjiang\.gradle\caches\7.0.2\javaCompile)" [_thread_blocked, id=7268, stack(0x00000001e4f00000,0x00000001e5000000)]
  0x000001ccd7126000 JavaThread "ForkJoinPool.commonPool-worker-5" daemon [_thread_blocked, id=18508, stack(0x00000001e5700000,0x00000001e5800000)]
  0x000001ccd7121800 JavaThread "Daemon Thread 34" [_thread_blocked, id=1484, stack(0x00000001e1300000,0x00000001e1400000)]
  0x000001ccd7127800 JavaThread "Handler for socket connection from /127.0.0.1:3203 to /127.0.0.1:23127" [_thread_in_native, id=20332, stack(0x00000001e1400000,0x00000001e1500000)]
  0x000001ccd7123800 JavaThread "Cancel handler" [_thread_blocked, id=5624, stack(0x00000001e1500000,0x00000001e1600000)]
  0x000001ccd7125000 JavaThread "Daemon worker Thread 34" [_thread_blocked, id=11208, stack(0x00000001e2c00000,0x00000001e2d00000)]
  0x000001ccd7126800 JavaThread "Asynchronous log dispatcher for DefaultDaemonConnection: socket connection from /127.0.0.1:3203 to /127.0.0.1:23127" [_thread_blocked, id=20868, stack(0x00000001e2d00000,0x00000001e2e00000)]
  0x000001ccd7f96000 JavaThread "Stdin handler" [_thread_blocked, id=3644, stack(0x00000001e2e00000,0x00000001e2f00000)]
  0x000001ccd7f94800 JavaThread "Daemon client event forwarder" [_thread_blocked, id=1016, stack(0x00000001e2f00000,0x00000001e3000000)]
  0x000001ccd7f91000 JavaThread "Cache worker for file hash cache (D:\AndroidStudioProjects\Notepad\.gradle\7.0.2\fileHashes)" [_thread_blocked, id=16676, stack(0x00000001e3000000,0x00000001e3100000)]
  0x000001ccd7f93800 JavaThread "Cache worker for checksums cache (D:\AndroidStudioProjects\Notepad\.gradle\checksums)" [_thread_blocked, id=19268, stack(0x00000001e3100000,0x00000001e3200000)]
  0x000001ccd7f95000 JavaThread "Cache worker for cache directory md-supplier (C:\Users\manmanjiang\.gradle\caches\7.0.2\md-supplier)" [_thread_blocked, id=20036, stack(0x00000001e3200000,0x00000001e3300000)]
  0x000001ccd7f90000 JavaThread "Cache worker for cache directory md-rule (C:\Users\manmanjiang\.gradle\caches\7.0.2\md-rule)" [_thread_blocked, id=6780, stack(0x00000001e3700000,0x00000001e3800000)]
  0x000001ccd7f99000 JavaThread "Cache worker for dependencies-accessors (D:\AndroidStudioProjects\Notepad\.gradle\7.0.2\dependencies-accessors)" [_thread_blocked, id=10944, stack(0x00000001e3a00000,0x00000001e3b00000)]
  0x000001ccd7f9a000 JavaThread "Cache worker for Build Output Cleanup Cache (D:\AndroidStudioProjects\Notepad\.gradle\buildOutputCleanup)" [_thread_blocked, id=14948, stack(0x00000001e3b00000,0x00000001e3c00000)]
  0x000001ccd7f9b800 JavaThread "Build operations" [_thread_blocked, id=12244, stack(0x00000001e3c00000,0x00000001e3d00000)]
  0x000001ccd7f9d800 JavaThread "Build operations Thread 2" [_thread_blocked, id=19396, stack(0x00000001e3d00000,0x00000001e3e00000)]
  0x000001ccd7f98800 JavaThread "Build operations Thread 3" [_thread_blocked, id=13164, stack(0x00000001e4200000,0x00000001e4300000)]
  0x000001ccd7f9c800 JavaThread "Build operations Thread 4" [_thread_blocked, id=19644, stack(0x00000001e4400000,0x00000001e4500000)]
  0x000001ccd7f9b000 JavaThread "build event listener" [_thread_blocked, id=6592, stack(0x00000001e4500000,0x00000001e4600000)]
  0x000001ccd7f97800 JavaThread "Execution worker for ':'" [_thread_blocked, id=18780, stack(0x00000001e4600000,0x00000001e4700000)]
  0x000001ccd7f9e000 JavaThread "Execution worker for ':' Thread 2" [_thread_blocked, id=16712, stack(0x00000001e4700000,0x00000001e4800000)]
  0x000001ccd7f9f000 JavaThread "Execution worker for ':' Thread 3" [_thread_blocked, id=20244, stack(0x00000001e4800000,0x00000001e4900000)]
  0x000001ccd9e64000 JavaThread "Cache worker for execution history cache (D:\AndroidStudioProjects\Notepad\.gradle\7.0.2\executionHistory)" [_thread_blocked, id=1544, stack(0x00000001e4b00000,0x00000001e4c00000)]
  0x000001ccd9e66000 JavaThread "WorkerExecutor Queue" [_thread_blocked, id=19552, stack(0x00000001e4c00000,0x00000001e4d00000)]
  0x000001ccd9e66800 JavaThread "WorkerExecutor Queue Thread 2" [_thread_blocked, id=20360, stack(0x00000001e4d00000,0x00000001e4e00000)]
  0x000001ccd9e68000 JavaThread "WorkerExecutor Queue Thread 3" [_thread_blocked, id=8128, stack(0x00000001e4e00000,0x00000001e4f00000)]
  0x000001ccd9e65000 JavaThread "WorkerExecutor Queue Thread 4" [_thread_blocked, id=20060, stack(0x00000001e5000000,0x00000001e5100000)]

Other Threads:
=>0x000001ccd4059800 VMThread "VM Thread" [stack: 0x00000001e1c00000,0x00000001e1d00000] [id=564]
  0x000001ccd4a74800 WatcherThread [stack: 0x00000001e2600000,0x00000001e2700000] [id=19704]
  0x000001ccba4a3000 GCTaskThread "GC Thread#0" [stack: 0x00000001e1700000,0x00000001e1800000] [id=20180]
  0x000001ccd4ad5800 GCTaskThread "GC Thread#1" [stack: 0x00000001e2800000,0x00000001e2900000] [id=3208]
  0x000001ccd4ad3800 GCTaskThread "GC Thread#2" [stack: 0x00000001e2900000,0x00000001e2a00000] [id=19120]
  0x000001ccd4ad5000 GCTaskThread "GC Thread#3" [stack: 0x00000001e3300000,0x00000001e3400000] [id=6300]
  0x000001ccba4d5800 ConcurrentGCThread "G1 Main Marker" [stack: 0x00000001e1800000,0x00000001e1900000] [id=16380]
  0x000001ccba4d8000 ConcurrentGCThread "G1 Conc#0" [stack: 0x00000001e1900000,0x00000001e1a00000] [id=12632]
  0x000001ccba567800 ConcurrentGCThread "G1 Refine#0" [stack: 0x00000001e1a00000,0x00000001e1b00000] [id=8868]
  0x000001ccba568800 ConcurrentGCThread "G1 Young RemSet Sampling" [stack: 0x00000001e1b00000,0x00000001e1c00000] [id=21116]

Threads with active compile tasks:
C2 CompilerThread015519606 33230 %     4       com.android.tools.r8.ir.regalloc.a::a @ 2054 (3985 bytes)

VM state:at safepoint (normal execution)

VM Mutex/Monitor currently owned by a thread:  ([mutex/lock_event])
[0x000001ccba4892e0] Threads_lock - owner thread: 0x000001ccd4059800
[0x000001ccba4880e0] Heap_lock - owner thread: 0x000001ccd7f9c800

Heap address: 0x0000000080000000, size: 2048 MB, Compressed Oops mode: 32-bit
Narrow klass base: 0x0000000000000000, Narrow klass shift: 3
Compressed class space size: 1073741824 Address: 0x0000000100000000

Heap:
 garbage-first heap   total 718848K, used 141173K [0x0000000080000000, 0x0000000100000000)
  region size 1024K, 12 young (12288K), 12 survivors (12288K)
 Metaspace       used 129627K, capacity 134050K, committed 134316K, reserved 1167360K
  class space    used 15592K, capacity 17233K, committed 17356K, reserved 1048576K
Heap Regions: E=young(eden), S=young(survivor), O=old, HS=humongous(starts), HC=humongous(continues), CS=collection set, F=free, A=archive, TAMS=top-at-mark-start (previous, next)
|   0|0x0000000080000000, 0x0000000080100000, 0x0000000080100000|100%|HS|  |TAMS 0x0000000080100000, 0x0000000080100000| Complete 
|   1|0x0000000080100000, 0x0000000080200000, 0x0000000080200000|100%|HC|  |TAMS 0x0000000080200000, 0x0000000080200000| Complete 
|   2|0x0000000080200000, 0x0000000080300000, 0x0000000080300000|100%|HC|  |TAMS 0x0000000080300000, 0x0000000080300000| Complete 
|   3|0x0000000080300000, 0x0000000080400000, 0x0000000080400000|100%| O|  |TAMS 0x0000000080400000, 0x0000000080400000| Untracked 
|   4|0x0000000080400000, 0x0000000080500000, 0x0000000080500000|100%| O|  |TAMS 0x0000000080500000, 0x0000000080500000| Untracked 
|   5|0x0000000080500000, 0x0000000080600000, 0x0000000080600000|100%| O|  |TAMS 0x0000000080600000, 0x0000000080600000| Untracked 
|   6|0x0000000080600000, 0x0000000080700000, 0x0000000080700000|100%| O|  |TAMS 0x0000000080700000, 0x0000000080700000| Untracked 
|   7|0x0000000080700000, 0x0000000080800000, 0x0000000080800000|100%| O|  |TAMS 0x0000000080800000, 0x0000000080800000| Untracked 
|   8|0x0000000080800000, 0x0000000080900000, 0x0000000080900000|100%| O|  |TAMS 0x0000000080900000, 0x0000000080900000| Untracked 
|   9|0x0000000080900000, 0x0000000080a00000, 0x0000000080a00000|100%| O|  |TAMS 0x0000000080a00000, 0x0000000080a00000| Untracked 
|  10|0x0000000080a00000, 0x0000000080b00000, 0x0000000080b00000|100%| O|  |TAMS 0x0000000080b00000, 0x0000000080b00000| Untracked 
|  11|0x0000000080b00000, 0x0000000080c00000, 0x0000000080c00000|100%| O|  |TAMS 0x0000000080c00000, 0x0000000080c00000| Untracked 
|  12|0x0000000080c00000, 0x0000000080d00000, 0x0000000080d00000|100%| O|  |TAMS 0x0000000080d00000, 0x0000000080d00000| Untracked 
|  13|0x0000000080d00000, 0x0000000080e00000, 0x0000000080e00000|100%| O|  |TAMS 0x0000000080e00000, 0x0000000080e00000| Untracked 
|  14|0x0000000080e00000, 0x0000000080f00000, 0x0000000080f00000|100%| O|  |TAMS 0x0000000080f00000, 0x0000000080f00000| Untracked 
|  15|0x0000000080f00000, 0x0000000081000000, 0x0000000081000000|100%| O|  |TAMS 0x0000000081000000, 0x0000000081000000| Untracked 
|  16|0x0000000081000000, 0x0000000081100000, 0x0000000081100000|100%| O|  |TAMS 0x0000000081100000, 0x0000000081100000| Untracked 
|  17|0x0000000081100000, 0x0000000081200000, 0x0000000081200000|100%| O|  |TAMS 0x0000000081200000, 0x0000000081200000| Untracked 
|  18|0x0000000081200000, 0x0000000081300000, 0x0000000081300000|100%|HS|  |TAMS 0x0000000081300000, 0x0000000081300000| Complete 
|  19|0x0000000081300000, 0x0000000081400000, 0x0000000081400000|100%| O|  |TAMS 0x0000000081400000, 0x0000000081400000| Untracked 
|  20|0x0000000081400000, 0x0000000081500000, 0x0000000081500000|100%| O|  |TAMS 0x0000000081500000, 0x0000000081500000| Untracked 
|  21|0x0000000081500000, 0x0000000081600000, 0x0000000081600000|100%| O|  |TAMS 0x0000000081600000, 0x0000000081600000| Untracked 
|  22|0x0000000081600000, 0x0000000081700000, 0x0000000081700000|100%| O|  |TAMS 0x0000000081700000, 0x0000000081700000| Untracked 
|  23|0x0000000081700000, 0x0000000081800000, 0x0000000081800000|100%|HS|  |TAMS 0x0000000081800000, 0x0000000081800000| Complete 
|  24|0x0000000081800000, 0x0000000081900000, 0x0000000081900000|100%|HS|  |TAMS 0x0000000081900000, 0x0000000081900000| Complete 
|  25|0x0000000081900000, 0x0000000081a00000, 0x0000000081a00000|100%|HC|  |TAMS 0x0000000081a00000, 0x0000000081a00000| Complete 
|  26|0x0000000081a00000, 0x0000000081b00000, 0x0000000081b00000|100%| O|  |TAMS 0x0000000081b00000, 0x0000000081b00000| Untracked 
|  27|0x0000000081b00000, 0x0000000081c00000, 0x0000000081c00000|100%| O|  |TAMS 0x0000000081c00000, 0x0000000081c00000| Untracked 
|  28|0x0000000081c00000, 0x0000000081d00000, 0x0000000081d00000|100%| O|  |TAMS 0x0000000081d00000, 0x0000000081d00000| Untracked 
|  29|0x0000000081d00000, 0x0000000081e00000, 0x0000000081e00000|100%| O|  |TAMS 0x0000000081e00000, 0x0000000081e00000| Untracked 
|  30|0x0000000081e00000, 0x0000000081f00000, 0x0000000081f00000|100%| O|  |TAMS 0x0000000081f00000, 0x0000000081f00000| Untracked 
|  31|0x0000000081f00000, 0x0000000082000000, 0x0000000082000000|100%| O|  |TAMS 0x0000000082000000, 0x0000000082000000| Untracked 
|  32|0x0000000082000000, 0x0000000082100000, 0x0000000082100000|100%| O|  |TAMS 0x0000000082100000, 0x0000000082100000| Untracked 
|  33|0x0000000082100000, 0x0000000082200000, 0x0000000082200000|100%| O|  |TAMS 0x0000000082200000, 0x0000000082200000| Untracked 
|  34|0x0000000082200000, 0x0000000082300000, 0x0000000082300000|100%| O|  |TAMS 0x0000000082300000, 0x0000000082300000| Untracked 
|  35|0x0000000082300000, 0x0000000082400000, 0x0000000082400000|100%| O|  |TAMS 0x0000000082400000, 0x0000000082400000| Untracked 
|  36|0x0000000082400000, 0x0000000082500000, 0x0000000082500000|100%| O|  |TAMS 0x0000000082500000, 0x0000000082500000| Untracked 
|  37|0x0000000082500000, 0x0000000082600000, 0x0000000082600000|100%| O|  |TAMS 0x0000000082600000, 0x0000000082600000| Untracked 
|  38|0x0000000082600000, 0x0000000082700000, 0x0000000082700000|100%| O|  |TAMS 0x0000000082700000, 0x0000000082700000| Untracked 
|  39|0x0000000082700000, 0x0000000082800000, 0x0000000082800000|100%| O|  |TAMS 0x0000000082800000, 0x0000000082800000| Untracked 
|  40|0x0000000082800000, 0x0000000082900000, 0x0000000082900000|100%| O|  |TAMS 0x0000000082900000, 0x0000000082900000| Untracked 
|  41|0x0000000082900000, 0x0000000082a00000, 0x0000000082a00000|100%| O|  |TAMS 0x0000000082a00000, 0x0000000082a00000| Untracked 
|  42|0x0000000082a00000, 0x0000000082b00000, 0x0000000082b00000|100%|HS|  |TAMS 0x0000000082b00000, 0x0000000082b00000| Complete 
|  43|0x0000000082b00000, 0x0000000082c00000, 0x0000000082c00000|100%|HC|  |TAMS 0x0000000082c00000, 0x0000000082c00000| Complete 
|  44|0x0000000082c00000, 0x0000000082d00000, 0x0000000082d00000|100%| O|  |TAMS 0x0000000082d00000, 0x0000000082d00000| Untracked 
|  45|0x0000000082d00000, 0x0000000082e00000, 0x0000000082e00000|100%| O|  |TAMS 0x0000000082e00000, 0x0000000082e00000| Untracked 
|  46|0x0000000082e00000, 0x0000000082f00000, 0x0000000082f00000|100%| O|  |TAMS 0x0000000082f00000, 0x0000000082f00000| Untracked 
|  47|0x0000000082f00000, 0x0000000083000000, 0x0000000083000000|100%| O|  |TAMS 0x0000000083000000, 0x0000000083000000| Untracked 
|  48|0x0000000083000000, 0x0000000083100000, 0x0000000083100000|100%| O|  |TAMS 0x0000000083100000, 0x0000000083100000| Untracked 
|  49|0x0000000083100000, 0x0000000083200000, 0x0000000083200000|100%| O|  |TAMS 0x0000000083200000, 0x0000000083200000| Untracked 
|  50|0x0000000083200000, 0x0000000083300000, 0x0000000083300000|100%| O|  |TAMS 0x0000000083300000, 0x0000000083300000| Untracked 
|  51|0x0000000083300000, 0x0000000083400000, 0x0000000083400000|100%| O|  |TAMS 0x0000000083400000, 0x0000000083400000| Untracked 
|  52|0x0000000083400000, 0x0000000083500000, 0x0000000083500000|100%| O|  |TAMS 0x0000000083500000, 0x0000000083500000| Untracked 
|  53|0x0000000083500000, 0x0000000083600000, 0x0000000083600000|100%| O|  |TAMS 0x0000000083600000, 0x0000000083600000| Untracked 
|  54|0x0000000083600000, 0x0000000083700000, 0x0000000083700000|100%| O|  |TAMS 0x0000000083700000, 0x0000000083700000| Untracked 
|  55|0x0000000083700000, 0x0000000083800000, 0x0000000083800000|100%| O|  |TAMS 0x0000000083800000, 0x0000000083800000| Untracked 
|  56|0x0000000083800000, 0x0000000083900000, 0x0000000083900000|100%| O|  |TAMS 0x0000000083900000, 0x0000000083900000| Untracked 
|  57|0x0000000083900000, 0x0000000083a00000, 0x0000000083a00000|100%| O|  |TAMS 0x0000000083a00000, 0x0000000083a00000| Untracked 
|  58|0x0000000083a00000, 0x0000000083b00000, 0x0000000083b00000|100%| O|  |TAMS 0x0000000083b00000, 0x0000000083b00000| Untracked 
|  59|0x0000000083b00000, 0x0000000083c00000, 0x0000000083c00000|100%| O|  |TAMS 0x0000000083c00000, 0x0000000083c00000| Untracked 
|  60|0x0000000083c00000, 0x0000000083d00000, 0x0000000083d00000|100%| O|  |TAMS 0x0000000083d00000, 0x0000000083d00000| Untracked 
|  61|0x0000000083d00000, 0x0000000083e00000, 0x0000000083e00000|100%| O|  |TAMS 0x0000000083e00000, 0x0000000083e00000| Untracked 
|  62|0x0000000083e00000, 0x0000000083f00000, 0x0000000083f00000|100%| O|  |TAMS 0x0000000083f00000, 0x0000000083f00000| Untracked 
|  63|0x0000000083f00000, 0x0000000084000000, 0x0000000084000000|100%| O|  |TAMS 0x0000000084000000, 0x0000000084000000| Untracked 
|  64|0x0000000084000000, 0x0000000084100000, 0x0000000084100000|100%| O|  |TAMS 0x0000000084100000, 0x0000000084100000| Untracked 
|  65|0x0000000084100000, 0x0000000084200000, 0x0000000084200000|100%| O|  |TAMS 0x0000000084200000, 0x0000000084200000| Untracked 
|  66|0x0000000084200000, 0x0000000084300000, 0x0000000084300000|100%| O|  |TAMS 0x0000000084300000, 0x0000000084300000| Untracked 
|  67|0x0000000084300000, 0x0000000084400000, 0x0000000084400000|100%| O|  |TAMS 0x0000000084400000, 0x0000000084400000| Untracked 
|  68|0x0000000084400000, 0x0000000084500000, 0x0000000084500000|100%| O|  |TAMS 0x0000000084500000, 0x0000000084500000| Untracked 
|  69|0x0000000084500000, 0x0000000084600000, 0x0000000084600000|100%| O|  |TAMS 0x0000000084600000, 0x0000000084600000| Untracked 
|  70|0x0000000084600000, 0x0000000084700000, 0x0000000084700000|100%| O|  |TAMS 0x0000000084700000, 0x0000000084700000| Untracked 
|  71|0x0000000084700000, 0x0000000084800000, 0x0000000084800000|100%| O|  |TAMS 0x0000000084800000, 0x0000000084800000| Untracked 
|  72|0x0000000084800000, 0x0000000084900000, 0x0000000084900000|100%| O|  |TAMS 0x0000000084900000, 0x0000000084900000| Untracked 
|  73|0x0000000084900000, 0x0000000084a00000, 0x0000000084a00000|100%| O|  |TAMS 0x0000000084a00000, 0x0000000084a00000| Untracked 
|  74|0x0000000084a00000, 0x0000000084b00000, 0x0000000084b00000|100%| O|  |TAMS 0x0000000084b00000, 0x0000000084b00000| Untracked 
|  75|0x0000000084b00000, 0x0000000084c00000, 0x0000000084c00000|100%| O|  |TAMS 0x0000000084c00000, 0x0000000084c00000| Untracked 
|  76|0x0000000084c00000, 0x0000000084d00000, 0x0000000084d00000|100%| O|  |TAMS 0x0000000084d00000, 0x0000000084d00000| Untracked 
|  77|0x0000000084d00000, 0x0000000084e00000, 0x0000000084e00000|100%| O|  |TAMS 0x0000000084e00000, 0x0000000084e00000| Untracked 
|  78|0x0000000084e00000, 0x0000000084f00000, 0x0000000084f00000|100%| O|  |TAMS 0x0000000084f00000, 0x0000000084f00000| Untracked 
|  79|0x0000000084f00000, 0x0000000085000000, 0x0000000085000000|100%| O|  |TAMS 0x0000000085000000, 0x0000000085000000| Untracked 
|  80|0x0000000085000000, 0x0000000085100000, 0x0000000085100000|100%| O|  |TAMS 0x0000000085100000, 0x0000000085100000| Untracked 
|  81|0x0000000085100000, 0x0000000085200000, 0x0000000085200000|100%| O|  |TAMS 0x0000000085200000, 0x0000000085200000| Untracked 
|  82|0x0000000085200000, 0x0000000085300000, 0x0000000085300000|100%| O|  |TAMS 0x0000000085300000, 0x0000000085300000| Untracked 
|  83|0x0000000085300000, 0x0000000085400000, 0x0000000085400000|100%| O|  |TAMS 0x0000000085400000, 0x0000000085400000| Untracked 
|  84|0x0000000085400000, 0x0000000085500000, 0x0000000085500000|100%| O|  |TAMS 0x0000000085500000, 0x0000000085500000| Untracked 
|  85|0x0000000085500000, 0x0000000085600000, 0x0000000085600000|100%| O|  |TAMS 0x0000000085600000, 0x0000000085600000| Untracked 
|  86|0x0000000085600000, 0x0000000085700000, 0x0000000085700000|100%| O|  |TAMS 0x0000000085700000, 0x0000000085700000| Untracked 
|  87|0x0000000085700000, 0x0000000085800000, 0x0000000085800000|100%| O|  |TAMS 0x0000000085800000, 0x0000000085800000| Untracked 
|  88|0x0000000085800000, 0x0000000085900000, 0x0000000085900000|100%| O|  |TAMS 0x0000000085900000, 0x0000000085900000| Untracked 
|  89|0x0000000085900000, 0x0000000085a00000, 0x0000000085a00000|100%| O|  |TAMS 0x0000000085a00000, 0x0000000085a00000| Untracked 
|  90|0x0000000085a00000, 0x0000000085b00000, 0x0000000085b00000|100%| O|  |TAMS 0x0000000085b00000, 0x0000000085b00000| Untracked 
|  91|0x0000000085b00000, 0x0000000085c00000, 0x0000000085c00000|100%| O|  |TAMS 0x0000000085c00000, 0x0000000085c00000| Untracked 
|  92|0x0000000085c00000, 0x0000000085d00000, 0x0000000085d00000|100%| O|  |TAMS 0x0000000085d00000, 0x0000000085d00000| Untracked 
|  93|0x0000000085d00000, 0x0000000085e00000, 0x0000000085e00000|100%| O|  |TAMS 0x0000000085e00000, 0x0000000085e00000| Untracked 
|  94|0x0000000085e00000, 0x0000000085f00000, 0x0000000085f00000|100%| O|  |TAMS 0x0000000085f00000, 0x0000000085f00000| Untracked 
|  95|0x0000000085f00000, 0x0000000086000000, 0x0000000086000000|100%| O|  |TAMS 0x0000000086000000, 0x0000000086000000| Untracked 
|  96|0x0000000086000000, 0x0000000086100000, 0x0000000086100000|100%| O|  |TAMS 0x0000000086100000, 0x0000000086100000| Untracked 
|  97|0x0000000086100000, 0x0000000086200000, 0x0000000086200000|100%| O|  |TAMS 0x0000000086200000, 0x0000000086200000| Untracked 
|  98|0x0000000086200000, 0x0000000086300000, 0x0000000086300000|100%| O|  |TAMS 0x0000000086300000, 0x0000000086300000| Untracked 
|  99|0x0000000086300000, 0x0000000086400000, 0x0000000086400000|100%| O|  |TAMS 0x0000000086400000, 0x0000000086400000| Untracked 
| 100|0x0000000086400000, 0x0000000086500000, 0x0000000086500000|100%| O|  |TAMS 0x0000000086500000, 0x0000000086500000| Untracked 
| 101|0x0000000086500000, 0x0000000086600000, 0x0000000086600000|100%| O|  |TAMS 0x0000000086600000, 0x0000000086600000| Untracked 
| 102|0x0000000086600000, 0x0000000086700000, 0x0000000086700000|100%| O|  |TAMS 0x0000000086700000, 0x0000000086700000| Untracked 
| 103|0x0000000086700000, 0x0000000086800000, 0x0000000086800000|100%| O|  |TAMS 0x0000000086800000, 0x0000000086800000| Untracked 
| 104|0x0000000086800000, 0x0000000086900000, 0x0000000086900000|100%| O|  |TAMS 0x0000000086900000, 0x0000000086900000| Untracked 
| 105|0x0000000086900000, 0x0000000086a00000, 0x0000000086a00000|100%| O|  |TAMS 0x0000000086a00000, 0x0000000086a00000| Untracked 
| 106|0x0000000086a00000, 0x0000000086b00000, 0x0000000086b00000|100%| O|  |TAMS 0x0000000086b00000, 0x0000000086b00000| Untracked 
| 107|0x0000000086b00000, 0x0000000086c00000, 0x0000000086c00000|100%| O|  |TAMS 0x0000000086c00000, 0x0000000086c00000| Untracked 
| 108|0x0000000086c00000, 0x0000000086d00000, 0x0000000086d00000|100%| O|  |TAMS 0x0000000086d00000, 0x0000000086d00000| Untracked 
| 109|0x0000000086d00000, 0x0000000086e00000, 0x0000000086e00000|100%| O|  |TAMS 0x0000000086e00000, 0x0000000086e00000| Untracked 
| 110|0x0000000086e00000, 0x0000000086f00000, 0x0000000086f00000|100%| O|  |TAMS 0x0000000086f00000, 0x0000000086f00000| Untracked 
| 111|0x0000000086f00000, 0x0000000086f00000, 0x0000000087000000|  0%| F|  |TAMS 0x0000000086f00000, 0x0000000086f00000| Untracked 
| 112|0x0000000087000000, 0x0000000087100000, 0x0000000087100000|100%| O|  |TAMS 0x0000000087100000, 0x0000000087100000| Untracked 
| 113|0x0000000087100000, 0x0000000087200000, 0x0000000087200000|100%| O|  |TAMS 0x0000000087200000, 0x0000000087200000| Untracked 
| 114|0x0000000087200000, 0x0000000087300000, 0x0000000087300000|100%| O|  |TAMS 0x0000000087300000, 0x0000000087300000| Untracked 
| 115|0x0000000087300000, 0x0000000087400000, 0x0000000087400000|100%| O|  |TAMS 0x0000000087400000, 0x0000000087400000| Untracked 
| 116|0x0000000087400000, 0x0000000087500000, 0x0000000087500000|100%| O|  |TAMS 0x0000000087500000, 0x0000000087500000| Untracked 
| 117|0x0000000087500000, 0x0000000087600000, 0x0000000087600000|100%| O|  |TAMS 0x0000000087600000, 0x0000000087600000| Untracked 
| 118|0x0000000087600000, 0x0000000087700000, 0x0000000087700000|100%| O|  |TAMS 0x0000000087700000, 0x0000000087700000| Untracked 
| 119|0x0000000087700000, 0x0000000087800000, 0x0000000087800000|100%| O|  |TAMS 0x0000000087800000, 0x0000000087800000| Untracked 
| 120|0x0000000087800000, 0x0000000087900000, 0x0000000087900000|100%| O|  |TAMS 0x0000000087900000, 0x0000000087900000| Untracked 
| 121|0x0000000087900000, 0x0000000087a00000, 0x0000000087a00000|100%| O|  |TAMS 0x0000000087a00000, 0x0000000087a00000| Untracked 
| 122|0x0000000087a00000, 0x0000000087b00000, 0x0000000087b00000|100%| O|  |TAMS 0x0000000087b00000, 0x0000000087b00000| Untracked 
| 123|0x0000000087b00000, 0x0000000087c00000, 0x0000000087c00000|100%| O|  |TAMS 0x0000000087c00000, 0x0000000087c00000| Untracked 
| 124|0x0000000087c00000, 0x0000000087d00000, 0x0000000087d00000|100%| O|  |TAMS 0x0000000087d00000, 0x0000000087d00000| Untracked 
| 125|0x0000000087d00000, 0x0000000087e00000, 0x0000000087e00000|100%| O|  |TAMS 0x0000000087e00000, 0x0000000087e00000| Untracked 
| 126|0x0000000087e00000, 0x0000000087f00000, 0x0000000087f00000|100%| O|  |TAMS 0x0000000087f00000, 0x0000000087f00000| Untracked 
| 127|0x0000000087f00000, 0x0000000087f76400, 0x0000000088000000| 46%| O|  |TAMS 0x0000000087f76400, 0x0000000087f76400| Untracked 
| 128|0x0000000088000000, 0x0000000088000000, 0x0000000088100000|  0%| F|  |TAMS 0x0000000088000000, 0x0000000088000000| Untracked 
| 129|0x0000000088100000, 0x0000000088100000, 0x0000000088200000|  0%| F|  |TAMS 0x0000000088100000, 0x0000000088100000| Untracked 
| 130|0x0000000088200000, 0x0000000088200000, 0x0000000088300000|  0%| F|  |TAMS 0x0000000088200000, 0x0000000088200000| Untracked 
| 131|0x0000000088300000, 0x0000000088300000, 0x0000000088400000|  0%| F|  |TAMS 0x0000000088300000, 0x0000000088300000| Untracked 
| 132|0x0000000088400000, 0x0000000088400000, 0x0000000088500000|  0%| F|  |TAMS 0x0000000088400000, 0x0000000088400000| Untracked 
| 133|0x0000000088500000, 0x0000000088500000, 0x0000000088600000|  0%| F|  |TAMS 0x0000000088500000, 0x0000000088500000| Untracked 
| 134|0x0000000088600000, 0x0000000088600000, 0x0000000088700000|  0%| F|  |TAMS 0x0000000088600000, 0x0000000088600000| Untracked 
| 135|0x0000000088700000, 0x0000000088700000, 0x0000000088800000|  0%| F|  |TAMS 0x0000000088700000, 0x0000000088700000| Untracked 
| 136|0x0000000088800000, 0x0000000088800000, 0x0000000088900000|  0%| F|  |TAMS 0x0000000088800000, 0x0000000088800000| Untracked 
| 137|0x0000000088900000, 0x0000000088900000, 0x0000000088a00000|  0%| F|  |TAMS 0x0000000088900000, 0x0000000088900000| Untracked 
| 138|0x0000000088a00000, 0x0000000088a00000, 0x0000000088b00000|  0%| F|  |TAMS 0x0000000088a00000, 0x0000000088a00000| Untracked 
| 139|0x0000000088b00000, 0x0000000088b00000, 0x0000000088c00000|  0%| F|  |TAMS 0x0000000088b00000, 0x0000000088b00000| Untracked 
| 140|0x0000000088c00000, 0x0000000088c00000, 0x0000000088d00000|  0%| F|  |TAMS 0x0000000088c00000, 0x0000000088c00000| Untracked 
| 141|0x0000000088d00000, 0x0000000088d00000, 0x0000000088e00000|  0%| F|  |TAMS 0x0000000088d00000, 0x0000000088d00000| Untracked 
| 142|0x0000000088e00000, 0x0000000088e00000, 0x0000000088f00000|  0%| F|  |TAMS 0x0000000088e00000, 0x0000000088e00000| Untracked 
| 143|0x0000000088f00000, 0x0000000088f00000, 0x0000000089000000|  0%| F|  |TAMS 0x0000000088f00000, 0x0000000088f00000| Untracked 
| 144|0x0000000089000000, 0x0000000089000000, 0x0000000089100000|  0%| F|  |TAMS 0x0000000089000000, 0x0000000089000000| Untracked 
| 145|0x0000000089100000, 0x0000000089100000, 0x0000000089200000|  0%| F|  |TAMS 0x0000000089100000, 0x0000000089100000| Untracked 
| 146|0x0000000089200000, 0x0000000089200000, 0x0000000089300000|  0%| F|  |TAMS 0x0000000089200000, 0x0000000089200000| Untracked 
| 147|0x0000000089300000, 0x0000000089300000, 0x0000000089400000|  0%| F|  |TAMS 0x0000000089300000, 0x0000000089300000| Untracked 
| 148|0x0000000089400000, 0x0000000089400000, 0x0000000089500000|  0%| F|  |TAMS 0x0000000089400000, 0x0000000089400000| Untracked 
| 149|0x0000000089500000, 0x0000000089500000, 0x0000000089600000|  0%| F|  |TAMS 0x0000000089500000, 0x0000000089500000| Untracked 
| 150|0x0000000089600000, 0x0000000089600000, 0x0000000089700000|  0%| F|  |TAMS 0x0000000089600000, 0x0000000089600000| Untracked 
| 151|0x0000000089700000, 0x0000000089700000, 0x0000000089800000|  0%| F|  |TAMS 0x0000000089700000, 0x0000000089700000| Untracked 
| 152|0x0000000089800000, 0x0000000089800000, 0x0000000089900000|  0%| F|  |TAMS 0x0000000089800000, 0x0000000089800000| Untracked 
| 153|0x0000000089900000, 0x0000000089900000, 0x0000000089a00000|  0%| F|  |TAMS 0x0000000089900000, 0x0000000089900000| Untracked 
| 154|0x0000000089a00000, 0x0000000089a00000, 0x0000000089b00000|  0%| F|  |TAMS 0x0000000089a00000, 0x0000000089a00000| Untracked 
| 155|0x0000000089b00000, 0x0000000089b00000, 0x0000000089c00000|  0%| F|  |TAMS 0x0000000089b00000, 0x0000000089b00000| Untracked 
| 156|0x0000000089c00000, 0x0000000089c00000, 0x0000000089d00000|  0%| F|  |TAMS 0x0000000089c00000, 0x0000000089c00000| Untracked 
| 157|0x0000000089d00000, 0x0000000089d00000, 0x0000000089e00000|  0%| F|  |TAMS 0x0000000089d00000, 0x0000000089d00000| Untracked 
| 158|0x0000000089e00000, 0x0000000089e00000, 0x0000000089f00000|  0%| F|  |TAMS 0x0000000089e00000, 0x0000000089e00000| Untracked 
| 159|0x0000000089f00000, 0x0000000089f00000, 0x000000008a000000|  0%| F|  |TAMS 0x0000000089f00000, 0x0000000089f00000| Untracked 
| 160|0x000000008a000000, 0x000000008a000000, 0x000000008a100000|  0%| F|  |TAMS 0x000000008a000000, 0x000000008a000000| Untracked 
| 161|0x000000008a100000, 0x000000008a100000, 0x000000008a200000|  0%| F|  |TAMS 0x000000008a100000, 0x000000008a100000| Untracked 
| 162|0x000000008a200000, 0x000000008a200000, 0x000000008a300000|  0%| F|  |TAMS 0x000000008a200000, 0x000000008a200000| Untracked 
| 163|0x000000008a300000, 0x000000008a300000, 0x000000008a400000|  0%| F|  |TAMS 0x000000008a300000, 0x000000008a300000| Untracked 
| 164|0x000000008a400000, 0x000000008a400000, 0x000000008a500000|  0%| F|  |TAMS 0x000000008a400000, 0x000000008a400000| Untracked 
| 165|0x000000008a500000, 0x000000008a500000, 0x000000008a600000|  0%| F|  |TAMS 0x000000008a500000, 0x000000008a500000| Untracked 
| 166|0x000000008a600000, 0x000000008a600000, 0x000000008a700000|  0%| F|  |TAMS 0x000000008a600000, 0x000000008a600000| Untracked 
| 167|0x000000008a700000, 0x000000008a700000, 0x000000008a800000|  0%| F|  |TAMS 0x000000008a700000, 0x000000008a700000| Untracked 
| 168|0x000000008a800000, 0x000000008a800000, 0x000000008a900000|  0%| F|  |TAMS 0x000000008a800000, 0x000000008a800000| Untracked 
| 169|0x000000008a900000, 0x000000008a900000, 0x000000008aa00000|  0%| F|  |TAMS 0x000000008a900000, 0x000000008a900000| Untracked 
| 170|0x000000008aa00000, 0x000000008aa00000, 0x000000008ab00000|  0%| F|  |TAMS 0x000000008aa00000, 0x000000008aa00000| Untracked 
| 171|0x000000008ab00000, 0x000000008ab00000, 0x000000008ac00000|  0%| F|  |TAMS 0x000000008ab00000, 0x000000008ab00000| Untracked 
| 172|0x000000008ac00000, 0x000000008ac67350, 0x000000008ad00000| 40%| S|CS|TAMS 0x000000008ac00000, 0x000000008ac00000| Complete 
| 173|0x000000008ad00000, 0x000000008ae00000, 0x000000008ae00000|100%| S|CS|TAMS 0x000000008ad00000, 0x000000008ad00000| Complete 
| 174|0x000000008ae00000, 0x000000008af00000, 0x000000008af00000|100%| S|CS|TAMS 0x000000008ae00000, 0x000000008ae00000| Complete 
| 175|0x000000008af00000, 0x000000008b000000, 0x000000008b000000|100%| S|CS|TAMS 0x000000008af00000, 0x000000008af00000| Complete 
| 176|0x000000008b000000, 0x000000008b100000, 0x000000008b100000|100%| S|CS|TAMS 0x000000008b000000, 0x000000008b000000| Complete 
| 177|0x000000008b100000, 0x000000008b200000, 0x000000008b200000|100%| S|CS|TAMS 0x000000008b100000, 0x000000008b100000| Complete 
| 178|0x000000008b200000, 0x000000008b300000, 0x000000008b300000|100%| S|CS|TAMS 0x000000008b200000, 0x000000008b200000| Complete 
| 179|0x000000008b300000, 0x000000008b400000, 0x000000008b400000|100%| S|CS|TAMS 0x000000008b300000, 0x000000008b300000| Complete 
| 180|0x000000008b400000, 0x000000008b500000, 0x000000008b500000|100%| S|CS|TAMS 0x000000008b400000, 0x000000008b400000| Complete 
| 181|0x000000008b500000, 0x000000008b600000, 0x000000008b600000|100%| S|CS|TAMS 0x000000008b500000, 0x000000008b500000| Complete 
| 182|0x000000008b600000, 0x000000008b700000, 0x000000008b700000|100%| S|CS|TAMS 0x000000008b600000, 0x000000008b600000| Complete 
| 183|0x000000008b700000, 0x000000008b800000, 0x000000008b800000|100%| S|CS|TAMS 0x000000008b700000, 0x000000008b700000| Complete 
| 184|0x000000008b800000, 0x000000008b800000, 0x000000008b900000|  0%| F|  |TAMS 0x000000008b800000, 0x000000008b800000| Untracked 
| 185|0x000000008b900000, 0x000000008b900000, 0x000000008ba00000|  0%| F|  |TAMS 0x000000008b900000, 0x000000008b900000| Untracked 
| 186|0x000000008ba00000, 0x000000008ba00000, 0x000000008bb00000|  0%| F|  |TAMS 0x000000008ba00000, 0x000000008ba00000| Untracked 
| 187|0x000000008bb00000, 0x000000008bb00000, 0x000000008bc00000|  0%| F|  |TAMS 0x000000008bb00000, 0x000000008bb00000| Untracked 
| 188|0x000000008bc00000, 0x000000008bc00000, 0x000000008bd00000|  0%| F|  |TAMS 0x000000008bc00000, 0x000000008bc00000| Untracked 
| 189|0x000000008bd00000, 0x000000008bd00000, 0x000000008be00000|  0%| F|  |TAMS 0x000000008bd00000, 0x000000008bd00000| Untracked 
| 190|0x000000008be00000, 0x000000008be00000, 0x000000008bf00000|  0%| F|  |TAMS 0x000000008be00000, 0x000000008be00000| Untracked 
| 191|0x000000008bf00000, 0x000000008bf00000, 0x000000008c000000|  0%| F|  |TAMS 0x000000008bf00000, 0x000000008bf00000| Untracked 
| 192|0x000000008c000000, 0x000000008c000000, 0x000000008c100000|  0%| F|  |TAMS 0x000000008c000000, 0x000000008c000000| Untracked 
| 193|0x000000008c100000, 0x000000008c100000, 0x000000008c200000|  0%| F|  |TAMS 0x000000008c100000, 0x000000008c100000| Untracked 
| 194|0x000000008c200000, 0x000000008c200000, 0x000000008c300000|  0%| F|  |TAMS 0x000000008c200000, 0x000000008c200000| Untracked 
| 195|0x000000008c300000, 0x000000008c300000, 0x000000008c400000|  0%| F|  |TAMS 0x000000008c300000, 0x000000008c300000| Untracked 
| 196|0x000000008c400000, 0x000000008c400000, 0x000000008c500000|  0%| F|  |TAMS 0x000000008c400000, 0x000000008c400000| Untracked 
| 197|0x000000008c500000, 0x000000008c500000, 0x000000008c600000|  0%| F|  |TAMS 0x000000008c500000, 0x000000008c500000| Untracked 
| 198|0x000000008c600000, 0x000000008c600000, 0x000000008c700000|  0%| F|  |TAMS 0x000000008c600000, 0x000000008c600000| Untracked 
| 199|0x000000008c700000, 0x000000008c700000, 0x000000008c800000|  0%| F|  |TAMS 0x000000008c700000, 0x000000008c700000| Untracked 
| 200|0x000000008c800000, 0x000000008c800000, 0x000000008c900000|  0%| F|  |TAMS 0x000000008c800000, 0x000000008c800000| Untracked 
| 201|0x000000008c900000, 0x000000008c900000, 0x000000008ca00000|  0%| F|  |TAMS 0x000000008c900000, 0x000000008c900000| Untracked 
| 202|0x000000008ca00000, 0x000000008ca00000, 0x000000008cb00000|  0%| F|  |TAMS 0x000000008ca00000, 0x000000008ca00000| Untracked 
| 203|0x000000008cb00000, 0x000000008cb00000, 0x000000008cc00000|  0%| F|  |TAMS 0x000000008cb00000, 0x000000008cb00000| Untracked 
| 204|0x000000008cc00000, 0x000000008cc00000, 0x000000008cd00000|  0%| F|  |TAMS 0x000000008cc00000, 0x000000008cc00000| Untracked 
| 205|0x000000008cd00000, 0x000000008cd00000, 0x000000008ce00000|  0%| F|  |TAMS 0x000000008cd00000, 0x000000008cd00000| Untracked 
| 206|0x000000008ce00000, 0x000000008ce00000, 0x000000008cf00000|  0%| F|  |TAMS 0x000000008ce00000, 0x000000008ce00000| Untracked 
| 207|0x000000008cf00000, 0x000000008cf00000, 0x000000008d000000|  0%| F|  |TAMS 0x000000008cf00000, 0x000000008cf00000| Untracked 
| 208|0x000000008d000000, 0x000000008d000000, 0x000000008d100000|  0%| F|  |TAMS 0x000000008d000000, 0x000000008d000000| Untracked 
| 209|0x000000008d100000, 0x000000008d100000, 0x000000008d200000|  0%| F|  |TAMS 0x000000008d100000, 0x000000008d100000| Untracked 
| 210|0x000000008d200000, 0x000000008d200000, 0x000000008d300000|  0%| F|  |TAMS 0x000000008d200000, 0x000000008d200000| Untracked 
| 211|0x000000008d300000, 0x000000008d300000, 0x000000008d400000|  0%| F|  |TAMS 0x000000008d300000, 0x000000008d300000| Untracked 
| 212|0x000000008d400000, 0x000000008d400000, 0x000000008d500000|  0%| F|  |TAMS 0x000000008d400000, 0x000000008d400000| Untracked 
| 213|0x000000008d500000, 0x000000008d500000, 0x000000008d600000|  0%| F|  |TAMS 0x000000008d500000, 0x000000008d500000| Untracked 
| 214|0x000000008d600000, 0x000000008d600000, 0x000000008d700000|  0%| F|  |TAMS 0x000000008d600000, 0x000000008d600000| Untracked 
| 215|0x000000008d700000, 0x000000008d700000, 0x000000008d800000|  0%| F|  |TAMS 0x000000008d700000, 0x000000008d700000| Untracked 
| 216|0x000000008d800000, 0x000000008d800000, 0x000000008d900000|  0%| F|  |TAMS 0x000000008d800000, 0x000000008d800000| Untracked 
| 217|0x000000008d900000, 0x000000008d900000, 0x000000008da00000|  0%| F|  |TAMS 0x000000008d900000, 0x000000008d900000| Untracked 
| 218|0x000000008da00000, 0x000000008da00000, 0x000000008db00000|  0%| F|  |TAMS 0x000000008da00000, 0x000000008da00000| Untracked 
| 219|0x000000008db00000, 0x000000008db00000, 0x000000008dc00000|  0%| F|  |TAMS 0x000000008db00000, 0x000000008db00000| Untracked 
| 220|0x000000008dc00000, 0x000000008dc00000, 0x000000008dd00000|  0%| F|  |TAMS 0x000000008dc00000, 0x000000008dc00000| Untracked 
| 221|0x000000008dd00000, 0x000000008dd00000, 0x000000008de00000|  0%| F|  |TAMS 0x000000008dd00000, 0x000000008dd00000| Untracked 
| 222|0x000000008de00000, 0x000000008de00000, 0x000000008df00000|  0%| F|  |TAMS 0x000000008de00000, 0x000000008de00000| Untracked 
| 223|0x000000008df00000, 0x000000008df00000, 0x000000008e000000|  0%| F|  |TAMS 0x000000008df00000, 0x000000008df00000| Untracked 
| 224|0x000000008e000000, 0x000000008e000000, 0x000000008e100000|  0%| F|  |TAMS 0x000000008e000000, 0x000000008e000000| Untracked 
| 225|0x000000008e100000, 0x000000008e100000, 0x000000008e200000|  0%| F|  |TAMS 0x000000008e100000, 0x000000008e100000| Untracked 
| 226|0x000000008e200000, 0x000000008e200000, 0x000000008e300000|  0%| F|  |TAMS 0x000000008e200000, 0x000000008e200000| Untracked 
| 227|0x000000008e300000, 0x000000008e300000, 0x000000008e400000|  0%| F|  |TAMS 0x000000008e300000, 0x000000008e300000| Untracked 
| 228|0x000000008e400000, 0x000000008e400000, 0x000000008e500000|  0%| F|  |TAMS 0x000000008e400000, 0x000000008e400000| Untracked 
| 229|0x000000008e500000, 0x000000008e500000, 0x000000008e600000|  0%| F|  |TAMS 0x000000008e500000, 0x000000008e500000| Untracked 
| 230|0x000000008e600000, 0x000000008e600000, 0x000000008e700000|  0%| F|  |TAMS 0x000000008e600000, 0x000000008e600000| Untracked 
| 231|0x000000008e700000, 0x000000008e700000, 0x000000008e800000|  0%| F|  |TAMS 0x000000008e700000, 0x000000008e700000| Untracked 
| 232|0x000000008e800000, 0x000000008e800000, 0x000000008e900000|  0%| F|  |TAMS 0x000000008e800000, 0x000000008e800000| Untracked 
| 233|0x000000008e900000, 0x000000008e900000, 0x000000008ea00000|  0%| F|  |TAMS 0x000000008e900000, 0x000000008e900000| Untracked 
| 234|0x000000008ea00000, 0x000000008ea00000, 0x000000008eb00000|  0%| F|  |TAMS 0x000000008ea00000, 0x000000008ea00000| Untracked 
| 235|0x000000008eb00000, 0x000000008eb00000, 0x000000008ec00000|  0%| F|  |TAMS 0x000000008eb00000, 0x000000008eb00000| Untracked 
| 236|0x000000008ec00000, 0x000000008ec00000, 0x000000008ed00000|  0%| F|  |TAMS 0x000000008ec00000, 0x000000008ec00000| Untracked 
| 237|0x000000008ed00000, 0x000000008ed00000, 0x000000008ee00000|  0%| F|  |TAMS 0x000000008ed00000, 0x000000008ed00000| Untracked 
| 238|0x000000008ee00000, 0x000000008ee00000, 0x000000008ef00000|  0%| F|  |TAMS 0x000000008ee00000, 0x000000008ee00000| Untracked 
| 239|0x000000008ef00000, 0x000000008ef00000, 0x000000008f000000|  0%| F|  |TAMS 0x000000008ef00000, 0x000000008ef00000| Untracked 
| 240|0x000000008f000000, 0x000000008f000000, 0x000000008f100000|  0%| F|  |TAMS 0x000000008f000000, 0x000000008f000000| Untracked 
| 241|0x000000008f100000, 0x000000008f100000, 0x000000008f200000|  0%| F|  |TAMS 0x000000008f100000, 0x000000008f100000| Untracked 
| 242|0x000000008f200000, 0x000000008f200000, 0x000000008f300000|  0%| F|  |TAMS 0x000000008f200000, 0x000000008f200000| Untracked 
| 243|0x000000008f300000, 0x000000008f300000, 0x000000008f400000|  0%| F|  |TAMS 0x000000008f300000, 0x000000008f300000| Untracked 
| 244|0x000000008f400000, 0x000000008f400000, 0x000000008f500000|  0%| F|  |TAMS 0x000000008f400000, 0x000000008f400000| Untracked 
| 245|0x000000008f500000, 0x000000008f500000, 0x000000008f600000|  0%| F|  |TAMS 0x000000008f500000, 0x000000008f500000| Untracked 
| 246|0x000000008f600000, 0x000000008f600000, 0x000000008f700000|  0%| F|  |TAMS 0x000000008f600000, 0x000000008f600000| Untracked 
| 247|0x000000008f700000, 0x000000008f700000, 0x000000008f800000|  0%| F|  |TAMS 0x000000008f700000, 0x000000008f700000| Untracked 
| 248|0x000000008f800000, 0x000000008f800000, 0x000000008f900000|  0%| F|  |TAMS 0x000000008f800000, 0x000000008f800000| Untracked 
| 249|0x000000008f900000, 0x000000008f900000, 0x000000008fa00000|  0%| F|  |TAMS 0x000000008f900000, 0x000000008f900000| Untracked 
| 250|0x000000008fa00000, 0x000000008fa00000, 0x000000008fb00000|  0%| F|  |TAMS 0x000000008fa00000, 0x000000008fa00000| Untracked 
| 251|0x000000008fb00000, 0x000000008fb00000, 0x000000008fc00000|  0%| F|  |TAMS 0x000000008fb00000, 0x000000008fb00000| Untracked 
| 252|0x000000008fc00000, 0x000000008fc00000, 0x000000008fd00000|  0%| F|  |TAMS 0x000000008fc00000, 0x000000008fc00000| Untracked 
| 253|0x000000008fd00000, 0x000000008fd00000, 0x000000008fe00000|  0%| F|  |TAMS 0x000000008fd00000, 0x000000008fd00000| Untracked 
| 254|0x000000008fe00000, 0x000000008fe00000, 0x000000008ff00000|  0%| F|  |TAMS 0x000000008fe00000, 0x000000008fe00000| Untracked 
| 255|0x000000008ff00000, 0x000000008ff00000, 0x0000000090000000|  0%| F|  |TAMS 0x000000008ff00000, 0x000000008ff00000| Untracked 
| 256|0x0000000090000000, 0x0000000090000000, 0x0000000090100000|  0%| F|  |TAMS 0x0000000090000000, 0x0000000090000000| Untracked 
| 257|0x0000000090100000, 0x0000000090100000, 0x0000000090200000|  0%| F|  |TAMS 0x0000000090100000, 0x0000000090100000| Untracked 
| 258|0x0000000090200000, 0x0000000090200000, 0x0000000090300000|  0%| F|  |TAMS 0x0000000090200000, 0x0000000090200000| Untracked 
| 259|0x0000000090300000, 0x0000000090300000, 0x0000000090400000|  0%| F|  |TAMS 0x0000000090300000, 0x0000000090300000| Untracked 
| 260|0x0000000090400000, 0x0000000090400000, 0x0000000090500000|  0%| F|  |TAMS 0x0000000090400000, 0x0000000090400000| Untracked 
| 261|0x0000000090500000, 0x0000000090500000, 0x0000000090600000|  0%| F|  |TAMS 0x0000000090500000, 0x0000000090500000| Untracked 
| 262|0x0000000090600000, 0x0000000090600000, 0x0000000090700000|  0%| F|  |TAMS 0x0000000090600000, 0x0000000090600000| Untracked 
| 263|0x0000000090700000, 0x0000000090700000, 0x0000000090800000|  0%| F|  |TAMS 0x0000000090700000, 0x0000000090700000| Untracked 
| 264|0x0000000090800000, 0x0000000090800000, 0x0000000090900000|  0%| F|  |TAMS 0x0000000090800000, 0x0000000090800000| Untracked 
| 265|0x0000000090900000, 0x0000000090900000, 0x0000000090a00000|  0%| F|  |TAMS 0x0000000090900000, 0x0000000090900000| Untracked 
| 266|0x0000000090a00000, 0x0000000090a00000, 0x0000000090b00000|  0%| F|  |TAMS 0x0000000090a00000, 0x0000000090a00000| Untracked 
| 267|0x0000000090b00000, 0x0000000090b00000, 0x0000000090c00000|  0%| F|  |TAMS 0x0000000090b00000, 0x0000000090b00000| Untracked 
| 268|0x0000000090c00000, 0x0000000090c00000, 0x0000000090d00000|  0%| F|  |TAMS 0x0000000090c00000, 0x0000000090c00000| Untracked 
| 269|0x0000000090d00000, 0x0000000090d00000, 0x0000000090e00000|  0%| F|  |TAMS 0x0000000090d00000, 0x0000000090d00000| Untracked 
| 270|0x0000000090e00000, 0x0000000090e00000, 0x0000000090f00000|  0%| F|  |TAMS 0x0000000090e00000, 0x0000000090e00000| Untracked 
| 271|0x0000000090f00000, 0x0000000090f00000, 0x0000000091000000|  0%| F|  |TAMS 0x0000000090f00000, 0x0000000090f00000| Untracked 
| 272|0x0000000091000000, 0x0000000091000000, 0x0000000091100000|  0%| F|  |TAMS 0x0000000091000000, 0x0000000091000000| Untracked 
| 273|0x0000000091100000, 0x0000000091100000, 0x0000000091200000|  0%| F|  |TAMS 0x0000000091100000, 0x0000000091100000| Untracked 
| 274|0x0000000091200000, 0x0000000091200000, 0x0000000091300000|  0%| F|  |TAMS 0x0000000091200000, 0x0000000091200000| Untracked 
| 275|0x0000000091300000, 0x0000000091300000, 0x0000000091400000|  0%| F|  |TAMS 0x0000000091300000, 0x0000000091300000| Untracked 
| 276|0x0000000091400000, 0x0000000091400000, 0x0000000091500000|  0%| F|  |TAMS 0x0000000091400000, 0x0000000091400000| Untracked 
| 277|0x0000000091500000, 0x0000000091500000, 0x0000000091600000|  0%| F|  |TAMS 0x0000000091500000, 0x0000000091500000| Untracked 
| 278|0x0000000091600000, 0x0000000091600000, 0x0000000091700000|  0%| F|  |TAMS 0x0000000091600000, 0x0000000091600000| Untracked 
| 279|0x0000000091700000, 0x0000000091700000, 0x0000000091800000|  0%| F|  |TAMS 0x0000000091700000, 0x0000000091700000| Untracked 
| 280|0x0000000091800000, 0x0000000091800000, 0x0000000091900000|  0%| F|  |TAMS 0x0000000091800000, 0x0000000091800000| Untracked 
| 281|0x0000000091900000, 0x0000000091900000, 0x0000000091a00000|  0%| F|  |TAMS 0x0000000091900000, 0x0000000091900000| Untracked 
| 282|0x0000000091a00000, 0x0000000091a00000, 0x0000000091b00000|  0%| F|  |TAMS 0x0000000091a00000, 0x0000000091a00000| Untracked 
| 283|0x0000000091b00000, 0x0000000091b00000, 0x0000000091c00000|  0%| F|  |TAMS 0x0000000091b00000, 0x0000000091b00000| Untracked 
| 284|0x0000000091c00000, 0x0000000091c00000, 0x0000000091d00000|  0%| F|  |TAMS 0x0000000091c00000, 0x0000000091c00000| Untracked 
| 285|0x0000000091d00000, 0x0000000091d00000, 0x0000000091e00000|  0%| F|  |TAMS 0x0000000091d00000, 0x0000000091d00000| Untracked 
| 286|0x0000000091e00000, 0x0000000091e00000, 0x0000000091f00000|  0%| F|  |TAMS 0x0000000091e00000, 0x0000000091e00000| Untracked 
| 287|0x0000000091f00000, 0x0000000091f00000, 0x0000000092000000|  0%| F|  |TAMS 0x0000000091f00000, 0x0000000091f00000| Untracked 
| 288|0x0000000092000000, 0x0000000092000000, 0x0000000092100000|  0%| F|  |TAMS 0x0000000092000000, 0x0000000092000000| Untracked 
| 289|0x0000000092100000, 0x0000000092100000, 0x0000000092200000|  0%| F|  |TAMS 0x0000000092100000, 0x0000000092100000| Untracked 
| 290|0x0000000092200000, 0x0000000092200000, 0x0000000092300000|  0%| F|  |TAMS 0x0000000092200000, 0x0000000092200000| Untracked 
| 291|0x0000000092300000, 0x0000000092300000, 0x0000000092400000|  0%| F|  |TAMS 0x0000000092300000, 0x0000000092300000| Untracked 
| 292|0x0000000092400000, 0x0000000092400000, 0x0000000092500000|  0%| F|  |TAMS 0x0000000092400000, 0x0000000092400000| Untracked 
| 293|0x0000000092500000, 0x0000000092500000, 0x0000000092600000|  0%| F|  |TAMS 0x0000000092500000, 0x0000000092500000| Untracked 
| 294|0x0000000092600000, 0x0000000092600000, 0x0000000092700000|  0%| F|  |TAMS 0x0000000092600000, 0x0000000092600000| Untracked 
| 295|0x0000000092700000, 0x0000000092700000, 0x0000000092800000|  0%| F|  |TAMS 0x0000000092700000, 0x0000000092700000| Untracked 
| 296|0x0000000092800000, 0x0000000092800000, 0x0000000092900000|  0%| F|  |TAMS 0x0000000092800000, 0x0000000092800000| Untracked 
| 297|0x0000000092900000, 0x0000000092900000, 0x0000000092a00000|  0%| F|  |TAMS 0x0000000092900000, 0x0000000092900000| Untracked 
| 298|0x0000000092a00000, 0x0000000092a00000, 0x0000000092b00000|  0%| F|  |TAMS 0x0000000092a00000, 0x0000000092a00000| Untracked 
| 299|0x0000000092b00000, 0x0000000092b00000, 0x0000000092c00000|  0%| F|  |TAMS 0x0000000092b00000, 0x0000000092b00000| Untracked 
| 300|0x0000000092c00000, 0x0000000092c00000, 0x0000000092d00000|  0%| F|  |TAMS 0x0000000092c00000, 0x0000000092c00000| Untracked 
| 301|0x0000000092d00000, 0x0000000092d00000, 0x0000000092e00000|  0%| F|  |TAMS 0x0000000092d00000, 0x0000000092d00000| Untracked 
| 302|0x0000000092e00000, 0x0000000092e00000, 0x0000000092f00000|  0%| F|  |TAMS 0x0000000092e00000, 0x0000000092e00000| Untracked 
| 303|0x0000000092f00000, 0x0000000092f00000, 0x0000000093000000|  0%| F|  |TAMS 0x0000000092f00000, 0x0000000092f00000| Untracked 
| 304|0x0000000093000000, 0x0000000093000000, 0x0000000093100000|  0%| F|  |TAMS 0x0000000093000000, 0x0000000093000000| Untracked 
| 305|0x0000000093100000, 0x0000000093100000, 0x0000000093200000|  0%| F|  |TAMS 0x0000000093100000, 0x0000000093100000| Untracked 
| 306|0x0000000093200000, 0x0000000093200000, 0x0000000093300000|  0%| F|  |TAMS 0x0000000093200000, 0x0000000093200000| Untracked 
| 307|0x0000000093300000, 0x0000000093300000, 0x0000000093400000|  0%| F|  |TAMS 0x0000000093300000, 0x0000000093300000| Untracked 
| 308|0x0000000093400000, 0x0000000093400000, 0x0000000093500000|  0%| F|  |TAMS 0x0000000093400000, 0x0000000093400000| Untracked 
| 309|0x0000000093500000, 0x0000000093500000, 0x0000000093600000|  0%| F|  |TAMS 0x0000000093500000, 0x0000000093500000| Untracked 
| 310|0x0000000093600000, 0x0000000093600000, 0x0000000093700000|  0%| F|  |TAMS 0x0000000093600000, 0x0000000093600000| Untracked 
| 311|0x0000000093700000, 0x0000000093700000, 0x0000000093800000|  0%| F|  |TAMS 0x0000000093700000, 0x0000000093700000| Untracked 
| 312|0x0000000093800000, 0x0000000093800000, 0x0000000093900000|  0%| F|  |TAMS 0x0000000093800000, 0x0000000093800000| Untracked 
| 313|0x0000000093900000, 0x0000000093900000, 0x0000000093a00000|  0%| F|  |TAMS 0x0000000093900000, 0x0000000093900000| Untracked 
| 314|0x0000000093a00000, 0x0000000093a00000, 0x0000000093b00000|  0%| F|  |TAMS 0x0000000093a00000, 0x0000000093a00000| Untracked 
| 315|0x0000000093b00000, 0x0000000093b00000, 0x0000000093c00000|  0%| F|  |TAMS 0x0000000093b00000, 0x0000000093b00000| Untracked 
| 316|0x0000000093c00000, 0x0000000093c00000, 0x0000000093d00000|  0%| F|  |TAMS 0x0000000093c00000, 0x0000000093c00000| Untracked 
| 317|0x0000000093d00000, 0x0000000093d00000, 0x0000000093e00000|  0%| F|  |TAMS 0x0000000093d00000, 0x0000000093d00000| Untracked 
| 318|0x0000000093e00000, 0x0000000093e00000, 0x0000000093f00000|  0%| F|  |TAMS 0x0000000093e00000, 0x0000000093e00000| Untracked 
| 319|0x0000000093f00000, 0x0000000093f00000, 0x0000000094000000|  0%| F|  |TAMS 0x0000000093f00000, 0x0000000093f00000| Untracked 
| 320|0x0000000094000000, 0x0000000094000000, 0x0000000094100000|  0%| F|  |TAMS 0x0000000094000000, 0x0000000094000000| Untracked 
| 321|0x0000000094100000, 0x0000000094100000, 0x0000000094200000|  0%| F|  |TAMS 0x0000000094100000, 0x0000000094100000| Untracked 
| 322|0x0000000094200000, 0x0000000094200000, 0x0000000094300000|  0%| F|  |TAMS 0x0000000094200000, 0x0000000094200000| Untracked 
| 323|0x0000000094300000, 0x0000000094300000, 0x0000000094400000|  0%| F|  |TAMS 0x0000000094300000, 0x0000000094300000| Untracked 
| 324|0x0000000094400000, 0x0000000094400000, 0x0000000094500000|  0%| F|  |TAMS 0x0000000094400000, 0x0000000094400000| Untracked 
| 325|0x0000000094500000, 0x0000000094500000, 0x0000000094600000|  0%| F|  |TAMS 0x0000000094500000, 0x0000000094500000| Untracked 
| 326|0x0000000094600000, 0x0000000094600000, 0x0000000094700000|  0%| F|  |TAMS 0x0000000094600000, 0x0000000094600000| Untracked 
| 327|0x0000000094700000, 0x0000000094700000, 0x0000000094800000|  0%| F|  |TAMS 0x0000000094700000, 0x0000000094700000| Untracked 
| 328|0x0000000094800000, 0x0000000094800000, 0x0000000094900000|  0%| F|  |TAMS 0x0000000094800000, 0x0000000094800000| Untracked 
| 329|0x0000000094900000, 0x0000000094900000, 0x0000000094a00000|  0%| F|  |TAMS 0x0000000094900000, 0x0000000094900000| Untracked 
| 330|0x0000000094a00000, 0x0000000094a00000, 0x0000000094b00000|  0%| F|  |TAMS 0x0000000094a00000, 0x0000000094a00000| Untracked 
| 331|0x0000000094b00000, 0x0000000094b00000, 0x0000000094c00000|  0%| F|  |TAMS 0x0000000094b00000, 0x0000000094b00000| Untracked 
| 332|0x0000000094c00000, 0x0000000094c00000, 0x0000000094d00000|  0%| F|  |TAMS 0x0000000094c00000, 0x0000000094c00000| Untracked 
| 333|0x0000000094d00000, 0x0000000094d00000, 0x0000000094e00000|  0%| F|  |TAMS 0x0000000094d00000, 0x0000000094d00000| Untracked 
| 334|0x0000000094e00000, 0x0000000094e00000, 0x0000000094f00000|  0%| F|  |TAMS 0x0000000094e00000, 0x0000000094e00000| Untracked 
| 335|0x0000000094f00000, 0x0000000094f00000, 0x0000000095000000|  0%| F|  |TAMS 0x0000000094f00000, 0x0000000094f00000| Untracked 
| 336|0x0000000095000000, 0x0000000095000000, 0x0000000095100000|  0%| F|  |TAMS 0x0000000095000000, 0x0000000095000000| Untracked 
| 337|0x0000000095100000, 0x0000000095100000, 0x0000000095200000|  0%| F|  |TAMS 0x0000000095100000, 0x0000000095100000| Untracked 
| 338|0x0000000095200000, 0x0000000095200000, 0x0000000095300000|  0%| F|  |TAMS 0x0000000095200000, 0x0000000095200000| Untracked 
| 339|0x0000000095300000, 0x0000000095300000, 0x0000000095400000|  0%| F|  |TAMS 0x0000000095300000, 0x0000000095300000| Untracked 
| 340|0x0000000095400000, 0x0000000095400000, 0x0000000095500000|  0%| F|  |TAMS 0x0000000095400000, 0x0000000095400000| Untracked 
| 341|0x0000000095500000, 0x0000000095500000, 0x0000000095600000|  0%| F|  |TAMS 0x0000000095500000, 0x0000000095500000| Untracked 
| 342|0x0000000095600000, 0x0000000095600000, 0x0000000095700000|  0%| F|  |TAMS 0x0000000095600000, 0x0000000095600000| Untracked 
| 343|0x0000000095700000, 0x0000000095700000, 0x0000000095800000|  0%| F|  |TAMS 0x0000000095700000, 0x0000000095700000| Untracked 
| 344|0x0000000095800000, 0x0000000095800000, 0x0000000095900000|  0%| F|  |TAMS 0x0000000095800000, 0x0000000095800000| Untracked 
| 345|0x0000000095900000, 0x0000000095900000, 0x0000000095a00000|  0%| F|  |TAMS 0x0000000095900000, 0x0000000095900000| Untracked 
| 346|0x0000000095a00000, 0x0000000095a00000, 0x0000000095b00000|  0%| F|  |TAMS 0x0000000095a00000, 0x0000000095a00000| Untracked 
| 347|0x0000000095b00000, 0x0000000095b00000, 0x0000000095c00000|  0%| F|  |TAMS 0x0000000095b00000, 0x0000000095b00000| Untracked 
| 348|0x0000000095c00000, 0x0000000095c00000, 0x0000000095d00000|  0%| F|  |TAMS 0x0000000095c00000, 0x0000000095c00000| Untracked 
| 349|0x0000000095d00000, 0x0000000095d00000, 0x0000000095e00000|  0%| F|  |TAMS 0x0000000095d00000, 0x0000000095d00000| Untracked 
| 350|0x0000000095e00000, 0x0000000095e00000, 0x0000000095f00000|  0%| F|  |TAMS 0x0000000095e00000, 0x0000000095e00000| Untracked 
| 351|0x0000000095f00000, 0x0000000095f00000, 0x0000000096000000|  0%| F|  |TAMS 0x0000000095f00000, 0x0000000095f00000| Untracked 
| 352|0x0000000096000000, 0x0000000096000000, 0x0000000096100000|  0%| F|  |TAMS 0x0000000096000000, 0x0000000096000000| Untracked 

Card table byte_map: [0x000001cccd380000,0x000001cccd780000] _byte_map_base: 0x000001ccccf80000

Marking Bits (Prev, Next): (CMBitMap*) 0x000001ccba4cce80, (CMBitMap*) 0x000001ccba4cce48
 Prev Bits: [0x000001cccfb80000, 0x000001ccd1b80000)
 Next Bits: [0x000001cccdb80000, 0x000001cccfb80000)

Polling page: 0x000001ccb8450000

Metaspace:

Usage:
  Non-class:    114.08 MB capacity,   111.36 MB ( 98%) used,     2.20 MB (  2%) free+waste,   532.56 KB ( <1%) overhead. 
      Class:     16.83 MB capacity,    15.23 MB ( 90%) used,     1.38 MB (  8%) free+waste,   230.56 KB (  1%) overhead. 
       Both:    130.91 MB capacity,   126.59 MB ( 97%) used,     3.57 MB (  3%) free+waste,   763.13 KB ( <1%) overhead. 

Virtual space:
  Non-class space:      116.00 MB reserved,     114.22 MB ( 98%) committed 
      Class space:        1.00 GB reserved,      16.95 MB (  2%) committed 
             Both:        1.11 GB reserved,     131.17 MB ( 12%) committed 

Chunk freelists:
   Non-Class:  15.00 KB
       Class:  0 bytes
        Both:  15.00 KB

MaxMetaspaceSize: 17179869184.00 GB
CompressedClassSpaceSize: 1.00 GB

CodeHeap 'non-profiled nmethods': size=120064Kb used=22971Kb max_used=23216Kb free=97092Kb
 bounds [0x000001ccc5a40000, 0x000001ccc7130000, 0x000001ccccf80000]
CodeHeap 'profiled nmethods': size=120000Kb used=62810Kb max_used=64039Kb free=57189Kb
 bounds [0x000001ccbe510000, 0x000001ccc23f0000, 0x000001ccc5a40000]
CodeHeap 'non-nmethods': size=5696Kb used=2355Kb max_used=2432Kb free=3340Kb
 bounds [0x000001ccbdf80000, 0x000001ccbe1f0000, 0x000001ccbe510000]
 total_blobs=28662 nmethods=27683 adapters=886
 compilation: enabled
              stopped_count=0, restarted_count=0
 full_count=0

Compilation events (20 events):
Event: 15519.428 Thread 0x000001ccd40ac000 33311       2       com.android.tools.r8.internal.W4::a (103 bytes)
Event: 15519.429 Thread 0x000001ccd40ac000 nmethod 33311 0x000001ccbefc7f10 code [0x000001ccbefc80e0, 0x000001ccbefc82f8]
Event: 15519.434 Thread 0x000001ccd40ac000 33312       2       com.android.tools.r8.code.X0::hashCode (11 bytes)
Event: 15519.434 Thread 0x000001ccd40ac000 nmethod 33312 0x000001ccbefc8d90 code [0x000001ccbefc8f40, 0x000001ccbefc9068]
Event: 15519.436 Thread 0x000001ccd40ac000 33313       1       com.android.tools.r8.graph.E$b::a (5 bytes)
Event: 15519.436 Thread 0x000001ccd40ac000 nmethod 33313 0x000001ccc5d57c90 code [0x000001ccc5d57e40, 0x000001ccc5d57ed8]
Event: 15519.436 Thread 0x000001ccd40ac000 33314       1       com.android.tools.r8.graph.E$b::b (5 bytes)
Event: 15519.436 Thread 0x000001ccd40ac000 nmethod 33314 0x000001ccc5d57990 code [0x000001ccc5d57b40, 0x000001ccc5d57bd8]
Event: 15519.456 Thread 0x000001ccd40ac000 33315       2       com.android.tools.r8.internal.Le::f (36 bytes)
Event: 15519.457 Thread 0x000001ccd40ac000 nmethod 33315 0x000001ccbeffbf10 code [0x000001ccbeffc100, 0x000001ccbeffc348]
Event: 15519.461 Thread 0x000001ccd40ac000 33316       2       com.android.tools.r8.internal.bf::size (8 bytes)
Event: 15519.461 Thread 0x000001ccd40ac000 nmethod 33316 0x000001ccbefffb90 code [0x000001ccbefffd60, 0x000001ccbefffe98]
Event: 15519.464 Thread 0x000001ccd40ac000 33317       3       com.android.tools.r8.ir.regalloc.e::<init> (124 bytes)
Event: 15519.467 Thread 0x000001ccd40ac000 nmethod 33317 0x000001ccbfa1bf10 code [0x000001ccbfa1c300, 0x000001ccbfa1e118]
Event: 15519.467 Thread 0x000001ccd40ac000 33318       2       com.android.tools.r8.internal.jF::a (30 bytes)
Event: 15519.468 Thread 0x000001ccd40ac000 nmethod 33318 0x000001ccbf050790 code [0x000001ccbf050980, 0x000001ccbf050bf8]
Event: 15519.483 Thread 0x000001ccd40ac000 33320       3       com.android.tools.r8.ir.conversion.k::c (572 bytes)
Event: 15519.489 Thread 0x000001ccd40ac000 nmethod 33320 0x000001ccc1474310 code [0x000001ccc1474ac0, 0x000001ccc147a238]
Event: 15519.489 Thread 0x000001ccd40ac000 33321       2       com.android.tools.r8.internal.Pf::c (8 bytes)
Event: 15519.489 Thread 0x000001ccd40ac000 nmethod 33321 0x000001ccbf040490 code [0x000001ccbf040660, 0x000001ccbf0408a8]

GC Heap History (20 events):
Event: 15513.187 GC heap after
{Heap after GC invocations=290 (full 0):
 garbage-first heap   total 189440K, used 120721K [0x0000000080000000, 0x0000000100000000)
  region size 1024K, 5 young (5120K), 5 survivors (5120K)
 Metaspace       used 129235K, capacity 133666K, committed 133932K, reserved 1165312K
  class space    used 15581K, capacity 17216K, committed 17228K, reserved 1048576K
}
Event: 15513.355 GC heap before
{Heap before GC invocations=290 (full 0):
 garbage-first heap   total 189440K, used 154513K [0x0000000080000000, 0x0000000100000000)
  region size 1024K, 38 young (38912K), 5 survivors (5120K)
 Metaspace       used 129266K, capacity 133667K, committed 133932K, reserved 1165312K
  class space    used 15581K, capacity 17216K, committed 17228K, reserved 1048576K
}
Event: 15513.369 GC heap after
{Heap after GC invocations=291 (full 0):
 garbage-first heap   total 189440K, used 124807K [0x0000000080000000, 0x0000000100000000)
  region size 1024K, 4 young (4096K), 4 survivors (4096K)
 Metaspace       used 129266K, capacity 133667K, committed 133932K, reserved 1165312K
  class space    used 15581K, capacity 17216K, committed 17228K, reserved 1048576K
}
Event: 15513.488 GC heap before
{Heap before GC invocations=291 (full 0):
 garbage-first heap   total 189440K, used 156551K [0x0000000080000000, 0x0000000100000000)
  region size 1024K, 35 young (35840K), 4 survivors (4096K)
 Metaspace       used 129293K, capacity 133744K, committed 133932K, reserved 1165312K
  class space    used 15583K, capacity 17220K, committed 17228K, reserved 1048576K
}
Event: 15513.503 GC heap after
{Heap after GC invocations=292 (full 0):
 garbage-first heap   total 248832K, used 127318K [0x0000000080000000, 0x0000000100000000)
  region size 1024K, 3 young (3072K), 3 survivors (3072K)
 Metaspace       used 129293K, capacity 133744K, committed 133932K, reserved 1165312K
  class space    used 15583K, capacity 17220K, committed 17228K, reserved 1048576K
}
Event: 15513.843 GC heap before
{Heap before GC invocations=293 (full 0):
 garbage-first heap   total 248832K, used 187734K [0x0000000080000000, 0x0000000100000000)
  region size 1024K, 62 young (63488K), 3 survivors (3072K)
 Metaspace       used 129354K, capacity 133794K, committed 133932K, reserved 1165312K
  class space    used 15580K, capacity 17214K, committed 17228K, reserved 1048576K
}
Event: 15513.857 GC heap after
{Heap after GC invocations=294 (full 0):
 garbage-first heap   total 248832K, used 130474K [0x0000000080000000, 0x0000000100000000)
  region size 1024K, 6 young (6144K), 6 survivors (6144K)
 Metaspace       used 129354K, capacity 133794K, committed 133932K, reserved 1165312K
  class space    used 15580K, capacity 17214K, committed 17228K, reserved 1048576K
}
Event: 15513.873 GC heap before
{Heap before GC invocations=294 (full 0):
 garbage-first heap   total 248832K, used 136618K [0x0000000080000000, 0x0000000100000000)
  region size 1024K, 12 young (12288K), 6 survivors (6144K)
 Metaspace       used 129354K, capacity 133794K, committed 133932K, reserved 1165312K
  class space    used 15580K, capacity 17214K, committed 17228K, reserved 1048576K
}
Event: 15513.887 GC heap after
{Heap after GC invocations=295 (full 0):
 garbage-first heap   total 248832K, used 130521K [0x0000000080000000, 0x0000000100000000)
  region size 1024K, 1 young (1024K), 1 survivors (1024K)
 Metaspace       used 129354K, capacity 133794K, committed 133932K, reserved 1165312K
  class space    used 15580K, capacity 17214K, committed 17228K, reserved 1048576K
}
Event: 15514.078 GC heap before
{Heap before GC invocations=295 (full 0):
 garbage-first heap   total 248832K, used 191961K [0x0000000080000000, 0x0000000100000000)
  region size 1024K, 61 young (62464K), 1 survivors (1024K)
 Metaspace       used 129377K, capacity 133797K, committed 133932K, reserved 1165312K
  class space    used 15580K, capacity 17214K, committed 17228K, reserved 1048576K
}
Event: 15514.087 GC heap after
{Heap after GC invocations=296 (full 0):
 garbage-first heap   total 248832K, used 131942K [0x0000000080000000, 0x0000000100000000)
  region size 1024K, 3 young (3072K), 3 survivors (3072K)
 Metaspace       used 129377K, capacity 133797K, committed 133932K, reserved 1165312K
  class space    used 15580K, capacity 17214K, committed 17228K, reserved 1048576K
}
Event: 15514.430 GC heap before
{Heap before GC invocations=296 (full 0):
 garbage-first heap   total 248832K, used 195430K [0x0000000080000000, 0x0000000100000000)
  region size 1024K, 65 young (66560K), 3 survivors (3072K)
 Metaspace       used 129439K, capacity 133869K, committed 133932K, reserved 1165312K
  class space    used 15582K, capacity 17217K, committed 17228K, reserved 1048576K
}
Event: 15514.444 GC heap after
{Heap after GC invocations=297 (full 0):
 garbage-first heap   total 361472K, used 133791K [0x0000000080000000, 0x0000000100000000)
  region size 1024K, 5 young (5120K), 5 survivors (5120K)
 Metaspace       used 129439K, capacity 133869K, committed 133932K, reserved 1165312K
  class space    used 15582K, capacity 17217K, committed 17228K, reserved 1048576K
}
Event: 15515.781 GC heap before
{Heap before GC invocations=298 (full 0):
 garbage-first heap   total 361472K, used 247455K [0x0000000080000000, 0x0000000100000000)
  region size 1024K, 116 young (118784K), 5 survivors (5120K)
 Metaspace       used 129505K, capacity 133940K, committed 134188K, reserved 1167360K
  class space    used 15584K, capacity 17219K, committed 17228K, reserved 1048576K
}
Event: 15515.886 GC heap after
{Heap after GC invocations=299 (full 0):
 garbage-first heap   total 361472K, used 136606K [0x0000000080000000, 0x0000000100000000)
  region size 1024K, 7 young (7168K), 7 survivors (7168K)
 Metaspace       used 129505K, capacity 133940K, committed 134188K, reserved 1167360K
  class space    used 15584K, capacity 17219K, committed 17228K, reserved 1048576K
}
Event: 15517.210 GC heap before
{Heap before GC invocations=299 (full 0):
 garbage-first heap   total 361472K, used 289182K [0x0000000080000000, 0x0000000100000000)
  region size 1024K, 156 young (159744K), 7 survivors (7168K)
 Metaspace       used 129568K, capacity 133962K, committed 134188K, reserved 1167360K
  class space    used 15587K, capacity 17225K, committed 17228K, reserved 1048576K
}
Event: 15517.251 GC heap after
{Heap after GC invocations=300 (full 0):
 garbage-first heap   total 361472K, used 139292K [0x0000000080000000, 0x0000000100000000)
  region size 1024K, 10 young (10240K), 10 survivors (10240K)
 Metaspace       used 129568K, capacity 133962K, committed 134188K, reserved 1167360K
  class space    used 15587K, capacity 17225K, committed 17228K, reserved 1048576K
}
Event: 15518.951 GC heap before
{Heap before GC invocations=301 (full 0):
 garbage-first heap   total 361472K, used 292892K [0x0000000080000000, 0x0000000100000000)
  region size 1024K, 160 young (163840K), 10 survivors (10240K)
 Metaspace       used 129590K, capacity 134037K, committed 134316K, reserved 1167360K
  class space    used 15589K, capacity 17229K, committed 17356K, reserved 1048576K
}
Event: 15518.997 GC heap after
{Heap after GC invocations=302 (full 0):
 garbage-first heap   total 361472K, used 138713K [0x0000000080000000, 0x0000000100000000)
  region size 1024K, 9 young (9216K), 9 survivors (9216K)
 Metaspace       used 129590K, capacity 134037K, committed 134316K, reserved 1167360K
  class space    used 15589K, capacity 17229K, committed 17356K, reserved 1048576K
}
Event: 15519.517 GC heap before
{Heap before GC invocations=302 (full 0):
 garbage-first heap   total 361472K, used 302553K [0x0000000080000000, 0x0000000100000000)
  region size 1024K, 169 young (173056K), 9 survivors (9216K)
 Metaspace       used 129627K, capacity 134050K, committed 134316K, reserved 1167360K
  class space    used 15592K, capacity 17233K, committed 17356K, reserved 1048576K
}

Deoptimization events (20 events):
Event: 15519.164 Thread 0x000001ccd7f9c800 DEOPT PACKING pc=0x000001ccc201e666 sp=0x00000001e44f9970
Event: 15519.165 Thread 0x000001ccd7f9c800 DEOPT UNPACKING pc=0x000001ccbdfa76ce sp=0x00000001e44f8fe0 mode 0
Event: 15519.217 Thread 0x000001ccd7f98800 DEOPT PACKING pc=0x000001ccc0bac1b0 sp=0x00000001e42f96b0
Event: 15519.217 Thread 0x000001ccd7f98800 DEOPT UNPACKING pc=0x000001ccbdfa76ce sp=0x00000001e42f8b58 mode 0
Event: 15519.327 Thread 0x000001ccd7f9b800 DEOPT PACKING pc=0x000001ccc0bac1b0 sp=0x00000001e3cf9780
Event: 15519.327 Thread 0x000001ccd7f9b800 DEOPT UNPACKING pc=0x000001ccbdfa76ce sp=0x00000001e3cf8c28 mode 0
Event: 15519.378 Thread 0x000001ccd7f9b800 DEOPT PACKING pc=0x000001ccc0bac1b0 sp=0x00000001e3cf9780
Event: 15519.378 Thread 0x000001ccd7f9b800 DEOPT UNPACKING pc=0x000001ccbdfa76ce sp=0x00000001e3cf8c28 mode 0
Event: 15519.408 Thread 0x000001ccd7f98800 DEOPT PACKING pc=0x000001ccc2199c1b sp=0x00000001e42f9e10
Event: 15519.408 Thread 0x000001ccd7f98800 DEOPT UNPACKING pc=0x000001ccbdfa76ce sp=0x00000001e42f9340 mode 0
Event: 15519.427 Thread 0x000001ccd7f98800 Uncommon trap: trap_request=0xffffff4d fr.pc=0x000001ccc5ace3cc relative=0x00000000000002cc
Event: 15519.427 Thread 0x000001ccd7f98800 Uncommon trap: reason=unstable_if action=reinterpret pc=0x000001ccc5ace3cc method=com.android.tools.r8.internal.W4.a(I)Lcom/android/tools/r8/internal/f9; @ 6 c2
Event: 15519.427 Thread 0x000001ccd7f98800 DEOPT PACKING pc=0x000001ccc5ace3cc sp=0x00000001e42f9760
Event: 15519.427 Thread 0x000001ccd7f98800 DEOPT UNPACKING pc=0x000001ccbdfa78af sp=0x00000001e42f96f8 mode 2
Event: 15519.431 Thread 0x000001ccd7f9b800 DEOPT PACKING pc=0x000001ccc0bac1b0 sp=0x00000001e3cf9780
Event: 15519.431 Thread 0x000001ccd7f9b800 DEOPT UNPACKING pc=0x000001ccbdfa76ce sp=0x00000001e3cf8c28 mode 0
Event: 15519.447 Thread 0x000001ccd7f9b800 DEOPT PACKING pc=0x000001ccc164c2f2 sp=0x00000001e3cf9770
Event: 15519.447 Thread 0x000001ccd7f9b800 DEOPT UNPACKING pc=0x000001ccbdfa76ce sp=0x00000001e3cf8f38 mode 0
Event: 15519.498 Thread 0x000001ccd7f9b800 DEOPT PACKING pc=0x000001ccc0bac1b0 sp=0x00000001e3cf9780
Event: 15519.498 Thread 0x000001ccd7f9b800 DEOPT UNPACKING pc=0x000001ccbdfa76ce sp=0x00000001e3cf8c28 mode 0

Classes redefined (0 events):
No events

Internal exceptions (20 events):
Event: 15220.547 Thread 0x000001ccd7f9b800 Exception <a 'sun/nio/fs/WindowsException'{0x00000000896822d0}> (0x00000000896822d0) thrown at [./src/hotspot/share/prims/jni.cpp, line 615]
Event: 15220.701 Thread 0x000001ccd9e68000 Exception <a 'sun/nio/fs/WindowsException'{0x0000000089200530}> (0x0000000089200530) thrown at [./src/hotspot/share/prims/jni.cpp, line 615]
Event: 15220.716 Thread 0x000001ccd9e68000 Exception <a 'sun/nio/fs/WindowsException'{0x000000008912f838}> (0x000000008912f838) thrown at [./src/hotspot/share/prims/jni.cpp, line 615]
Event: 15220.778 Thread 0x000001ccd9e63800 Exception <a 'sun/nio/fs/WindowsException'{0x00000000890dff10}> (0x00000000890dff10) thrown at [./src/hotspot/share/prims/jni.cpp, line 615]
Event: 15220.789 Thread 0x000001ccd9e63800 Exception <a 'sun/nio/fs/WindowsException'{0x0000000088e40ba8}> (0x0000000088e40ba8) thrown at [./src/hotspot/share/prims/jni.cpp, line 615]
Event: 15508.211 Thread 0x000001ccd7125000 Exception <a 'sun/nio/fs/WindowsException'{0x000000008a4fc318}> (0x000000008a4fc318) thrown at [./src/hotspot/share/prims/jni.cpp, line 615]
Event: 15508.237 Thread 0x000001ccd7125000 Exception <a 'java/lang/NoClassDefFoundError'{0x000000008a198ba8}: org/jetbrains/kotlin/gradle/plugin/KotlinBasePluginWrapper> (0x000000008a198ba8) thrown at [./src/hotspot/share/oops/constantPool.cpp, line 775]
Event: 15508.253 Thread 0x000001ccd7125000 Implicit null exception at 0x000001ccc66438f8 to 0x000001ccc6643a48
Event: 15508.269 Thread 0x000001ccd7125000 Exception <a 'sun/nio/fs/WindowsException'{0x0000000089faaa08}> (0x0000000089faaa08) thrown at [./src/hotspot/share/prims/jni.cpp, line 615]
Event: 15508.276 Thread 0x000001ccd7125000 Exception <a 'sun/nio/fs/WindowsException'{0x0000000089e4bda8}> (0x0000000089e4bda8) thrown at [./src/hotspot/share/prims/jni.cpp, line 615]
Event: 15508.276 Thread 0x000001ccd7125000 Exception <a 'sun/nio/fs/WindowsException'{0x0000000089e4cce8}> (0x0000000089e4cce8) thrown at [./src/hotspot/share/prims/jni.cpp, line 615]
Event: 15508.276 Thread 0x000001ccd7125000 Exception <a 'sun/nio/fs/WindowsException'{0x0000000089e4dc78}> (0x0000000089e4dc78) thrown at [./src/hotspot/share/prims/jni.cpp, line 615]
Event: 15508.277 Thread 0x000001ccd7125000 Exception <a 'sun/nio/fs/WindowsException'{0x0000000089e4ec08}> (0x0000000089e4ec08) thrown at [./src/hotspot/share/prims/jni.cpp, line 615]
Event: 15512.140 Thread 0x000001ccd7f9b800 Exception <a 'sun/nio/fs/WindowsException'{0x00000000894dfdb0}> (0x00000000894dfdb0) thrown at [./src/hotspot/share/prims/jni.cpp, line 615]
Event: 15512.184 Thread 0x000001ccd7f98800 Exception <a 'sun/nio/fs/WindowsException'{0x0000000088a22828}> (0x0000000088a22828) thrown at [./src/hotspot/share/prims/jni.cpp, line 615]
Event: 15512.359 Thread 0x000001ccd7f9b800 Exception <a 'java/lang/IncompatibleClassChangeError'{0x000000008a802118}: Found class java.lang.Object, but interface was expected> (0x000000008a802118) thrown at [./src/hotspot/share/interpreter/linkResolver.cpp, line 839]
Event: 15512.463 Thread 0x000001ccd7f9b800 Exception <a 'java/lang/NoSuchMethodError'{0x0000000088d58028}: 'java.lang.Object java.lang.invoke.Invokers$Holder.linkToTargetMethod(java.lang.Object, java.lang.Object, java.lang.Object, java.lang.Object, java.lang.Object, java.lang.Object, java.lang.Object, java.lang.Object)'> (0x0000000088d58028) thrown at [./src/hotspot/share/interpreter/linkResolver.cpp, line 773]
Event: 15512.643 Thread 0x000001ccd7f9c800 Exception <a 'sun/nio/fs/WindowsException'{0x000000008a8c3218}> (0x000000008a8c3218) thrown at [./src/hotspot/share/prims/jni.cpp, line 615]
Event: 15512.985 Thread 0x000001ccd7f9b800 Exception <a 'java/lang/NoSuchMethodError'{0x000000008a081478}: 'int java.lang.invoke.DirectMethodHandle$Holder.invokeInterface(java.lang.Object, java.lang.Object, int)'> (0x000000008a081478) thrown at [./src/hotspot/share/interpreter/linkResolver.cpp, line 773]
Event: 15513.023 Thread 0x000001ccd7f9d800 Exception <a 'sun/nio/fs/WindowsException'{0x0000000089241948}> (0x0000000089241948) thrown at [./src/hotspot/share/prims/jni.cpp, line 615]

Events (20 events):
Event: 15519.077 loading class com/android/tools/r8/internal/cj done
Event: 15519.078 loading class com/android/tools/r8/internal/gu
Event: 15519.078 loading class com/android/tools/r8/internal/gu done
Event: 15519.078 loading class com/android/tools/r8/internal/gu
Event: 15519.078 loading class com/android/tools/r8/internal/gu done
Event: 15519.078 loading class com/android/tools/r8/internal/gu
Event: 15519.078 loading class com/android/tools/r8/internal/gu done
Event: 15519.078 loading class com/android/tools/r8/internal/gu
Event: 15519.078 loading class com/android/tools/r8/internal/gu done
Event: 15519.078 loading class com/android/tools/r8/internal/Me
Event: 15519.078 loading class com/android/tools/r8/internal/Me done
Event: 15519.078 loading class com/android/tools/r8/internal/gu
Event: 15519.078 loading class com/android/tools/r8/internal/gu done
Event: 15519.078 loading class com/android/tools/r8/internal/Te
Event: 15519.078 loading class com/android/tools/r8/internal/Te done
Event: 15519.511 loading class com/android/tools/r8/internal/gb
Event: 15519.511 loading class com/android/tools/r8/internal/gb done
Event: 15519.514 loading class com/android/tools/r8/internal/Ai
Event: 15519.514 loading class com/android/tools/r8/internal/Ai done
Event: 15519.516 Executing VM operation: G1CollectForAllocation


Dynamic libraries:
0x00007ff62f5b0000 - 0x00007ff62f5ba000 	D:\Android\Android Studio\jre\bin\java.exe
0x00007ffa532f0000 - 0x00007ffa534e5000 	C:\WINDOWS\SYSTEM32\ntdll.dll
0x00007ffa52680000 - 0x00007ffa5273e000 	C:\WINDOWS\System32\KERNEL32.DLL
0x00007ffa50e40000 - 0x00007ffa51109000 	C:\WINDOWS\System32\KERNELBASE.dll
0x00007ffa50d40000 - 0x00007ffa50e40000 	C:\WINDOWS\System32\ucrtbase.dll
0x00007ffa483a0000 - 0x00007ffa483b7000 	D:\Android\Android Studio\jre\bin\VCRUNTIME140.dll
0x00007ffa49150000 - 0x00007ffa49169000 	D:\Android\Android Studio\jre\bin\jli.dll
0x00007ffa522d0000 - 0x00007ffa52471000 	C:\WINDOWS\System32\USER32.dll
0x00007ffa512b0000 - 0x00007ffa512d2000 	C:\WINDOWS\System32\win32u.dll
0x00007ffa53060000 - 0x00007ffa5308b000 	C:\WINDOWS\System32\GDI32.dll
0x00007ffa50a10000 - 0x00007ffa50b1b000 	C:\WINDOWS\System32\gdi32full.dll
0x00007ffa51160000 - 0x00007ffa511fd000 	C:\WINDOWS\System32\msvcp_win.dll
0x00007ffa3d560000 - 0x00007ffa3d7fa000 	C:\WINDOWS\WinSxS\amd64_microsoft.windows.common-controls_6595b64144ccf1df_6.0.19041.1110_none_60b5254171f9507e\COMCTL32.dll
0x00007ffa52480000 - 0x00007ffa5251e000 	C:\WINDOWS\System32\msvcrt.dll
0x00007ffa53090000 - 0x00007ffa530c0000 	C:\WINDOWS\System32\IMM32.DLL
0x00007ffa3a830000 - 0x00007ffa3a8cd000 	D:\Android\Android Studio\jre\bin\msvcp140.dll
0x00007ffa0ff80000 - 0x00007ffa10a4f000 	D:\Android\Android Studio\jre\bin\server\jvm.dll
0x00007ffa53200000 - 0x00007ffa532ac000 	C:\WINDOWS\System32\ADVAPI32.dll
0x00007ffa51340000 - 0x00007ffa513db000 	C:\WINDOWS\System32\sechost.dll
0x00007ffa521a0000 - 0x00007ffa522ca000 	C:\WINDOWS\System32\RPCRT4.dll
0x00007ffa52520000 - 0x00007ffa52528000 	C:\WINDOWS\System32\PSAPI.DLL
0x00007ffa39380000 - 0x00007ffa39389000 	C:\WINDOWS\SYSTEM32\WSOCK32.dll
0x00007ffa52810000 - 0x00007ffa5287b000 	C:\WINDOWS\System32\WS2_32.dll
0x00007ffa39670000 - 0x00007ffa39697000 	C:\WINDOWS\SYSTEM32\WINMM.dll
0x00007ffa46bc0000 - 0x00007ffa46bca000 	C:\WINDOWS\SYSTEM32\VERSION.dll
0x00007ffa4f2e0000 - 0x00007ffa4f2f2000 	C:\WINDOWS\SYSTEM32\kernel.appcore.dll
0x00007ffa490b0000 - 0x00007ffa490c1000 	D:\Android\Android Studio\jre\bin\verify.dll
0x00007ffa4ef60000 - 0x00007ffa4f144000 	C:\WINDOWS\SYSTEM32\DBGHELP.DLL
0x00007ffa35b40000 - 0x00007ffa35b6c000 	C:\WINDOWS\SYSTEM32\dbgcore.DLL
0x00007ffa50b50000 - 0x00007ffa50bd3000 	C:\WINDOWS\System32\bcryptPrimitives.dll
0x00007ffa49080000 - 0x00007ffa490a9000 	D:\Android\Android Studio\jre\bin\java.dll
0x00007ffa4c4d0000 - 0x00007ffa4c4db000 	D:\Android\Android Studio\jre\bin\jimage.dll
0x00007ffa48fe0000 - 0x00007ffa48ff8000 	D:\Android\Android Studio\jre\bin\zip.dll
0x00007ffa516a0000 - 0x00007ffa51ddf000 	C:\WINDOWS\System32\SHELL32.dll
0x00007ffa4e7c0000 - 0x00007ffa4ef50000 	C:\WINDOWS\SYSTEM32\windows.storage.dll
0x00007ffa52d00000 - 0x00007ffa53055000 	C:\WINDOWS\System32\combase.dll
0x00007ffa50390000 - 0x00007ffa503bc000 	C:\WINDOWS\SYSTEM32\Wldp.dll
0x00007ffa520f0000 - 0x00007ffa5219d000 	C:\WINDOWS\System32\SHCORE.dll
0x00007ffa51e40000 - 0x00007ffa51e95000 	C:\WINDOWS\System32\shlwapi.dll
0x00007ffa50950000 - 0x00007ffa5096f000 	C:\WINDOWS\SYSTEM32\profapi.dll
0x00007ffa48fc0000 - 0x00007ffa48fda000 	D:\Android\Android Studio\jre\bin\net.dll
0x00007ffa3fc60000 - 0x00007ffa3fd68000 	C:\WINDOWS\SYSTEM32\WINHTTP.dll
0x00007ffa500f0000 - 0x00007ffa5015a000 	C:\WINDOWS\system32\mswsock.dll
0x00007ffa48fa0000 - 0x00007ffa48fb4000 	D:\Android\Android Studio\jre\bin\nio.dll
0x00007ffa3c840000 - 0x00007ffa3c867000 	C:\Users\manmanjiang\.gradle\native\8bec1ad78214c89d9ad589b4d07fe93259594b29d510b10fafb7a158f7737e5d\windows-amd64\native-platform.dll
0x00007ffa267b0000 - 0x00007ffa268ed000 	C:\Users\manmanjiang\.gradle\native\53dbd7edfb1c66fb8903c78663c9afc45aea4f116125fa6feffd364cf09443e8\windows-amd64\native-platform-file-events.dll
0x00007ffa4c4a0000 - 0x00007ffa4c4aa000 	D:\Android\Android Studio\jre\bin\management.dll
0x00007ffa4bbf0000 - 0x00007ffa4bbfc000 	D:\Android\Android Studio\jre\bin\management_ext.dll
0x00007ffa502e0000 - 0x00007ffa502f8000 	C:\WINDOWS\SYSTEM32\CRYPTSP.dll
0x00007ffa4fa70000 - 0x00007ffa4faa4000 	C:\WINDOWS\system32\rsaenh.dll
0x00007ffa50b20000 - 0x00007ffa50b47000 	C:\WINDOWS\System32\bcrypt.dll
0x00007ffa508d0000 - 0x00007ffa508fe000 	C:\WINDOWS\SYSTEM32\USERENV.dll
0x00007ffa50300000 - 0x00007ffa5030c000 	C:\WINDOWS\SYSTEM32\CRYPTBASE.dll
0x00007ffa4fde0000 - 0x00007ffa4fe1b000 	C:\WINDOWS\SYSTEM32\IPHLPAPI.DLL
0x00007ffa520e0000 - 0x00007ffa520e8000 	C:\WINDOWS\System32\NSI.dll
0x00007ffa46e00000 - 0x00007ffa46e17000 	C:\WINDOWS\SYSTEM32\dhcpcsvc6.DLL
0x00007ffa46d70000 - 0x00007ffa46d8d000 	C:\WINDOWS\SYSTEM32\dhcpcsvc.DLL
0x00007ffa4fe20000 - 0x00007ffa4feec000 	C:\WINDOWS\SYSTEM32\DNSAPI.dll
0x00007ffa3c690000 - 0x00007ffa3c6b7000 	D:\Android\Android Studio\jre\bin\sunec.dll

dbghelp: loaded successfully - version: 4.0.5 - missing functions: none
symbol engine: initialized successfully - sym options: 0x614 - pdb path: .;D:\Android\Android Studio\jre\bin;C:\WINDOWS\SYSTEM32;C:\WINDOWS\WinSxS\amd64_microsoft.windows.common-controls_6595b64144ccf1df_6.0.19041.1110_none_60b5254171f9507e;D:\Android\Android Studio\jre\bin\server;C:\Users\manmanjiang\.gradle\native\8bec1ad78214c89d9ad589b4d07fe93259594b29d510b10fafb7a158f7737e5d\windows-amd64;C:\Users\manmanjiang\.gradle\native\53dbd7edfb1c66fb8903c78663c9afc45aea4f116125fa6feffd364cf09443e8\windows-amd64

VM Arguments:
jvm_args: --add-opens=java.base/java.util=ALL-UNNAMED --add-opens=java.base/java.lang=ALL-UNNAMED --add-opens=java.base/java.lang.invoke=ALL-UNNAMED --add-opens=java.base/java.util=ALL-UNNAMED --add-opens=java.prefs/java.util.prefs=ALL-UNNAMED --add-opens=java.prefs/java.util.prefs=ALL-UNNAMED --add-opens=java.base/java.nio.charset=ALL-UNNAMED --add-opens=java.base/java.net=ALL-UNNAMED --add-opens=java.base/java.util.concurrent.atomic=ALL-UNNAMED -Xmx2048m -Dfile.encoding=UTF-8 -Duser.country=CN -Duser.language=zh -Duser.variant 
java_command: org.gradle.launcher.daemon.bootstrap.GradleDaemon 7.0.2
java_class_path (initial): C:\Users\manmanjiang\.gradle\wrapper\dists\gradle-7.0.2-bin\857tjihv64xamwrf0h14cai3r\gradle-7.0.2\lib\gradle-launcher-7.0.2.jar
Launcher Type: SUN_STANDARD

[Global flags]
     intx CICompilerCount                          = 3                                         {product} {ergonomic}
     uint ConcGCThreads                            = 1                                         {product} {ergonomic}
     uint G1ConcRefinementThreads                  = 4                                         {product} {ergonomic}
   size_t G1HeapRegionSize                         = 1048576                                   {product} {ergonomic}
    uintx GCDrainStackTargetSize                   = 64                                        {product} {ergonomic}
   size_t InitialHeapSize                          = 134217728                                 {product} {ergonomic}
   size_t MarkStackSize                            = 4194304                                   {product} {ergonomic}
   size_t MaxHeapSize                              = 2147483648                                {product} {command line}
   size_t MaxNewSize                               = 1287651328                                {product} {ergonomic}
   size_t MinHeapDeltaBytes                        = 1048576                                   {product} {ergonomic}
    uintx NonNMethodCodeHeapSize                   = 5830732                                {pd product} {ergonomic}
    uintx NonProfiledCodeHeapSize                  = 122913754                              {pd product} {ergonomic}
    uintx ProfiledCodeHeapSize                     = 122913754                              {pd product} {ergonomic}
    uintx ReservedCodeCacheSize                    = 251658240                              {pd product} {ergonomic}
     bool SegmentedCodeCache                       = true                                      {product} {ergonomic}
     bool UseCompressedClassPointers               = true                                 {lp64_product} {ergonomic}
     bool UseCompressedOops                        = true                                 {lp64_product} {ergonomic}
     bool UseG1GC                                  = true                                      {product} {ergonomic}
     bool UseLargePagesIndividualAllocation        = false                                  {pd product} {ergonomic}

Logging:
Log output configuration:
 #0: stdout all=warning uptime,level,tags
 #1: stderr all=off uptime,level,tags

Environment Variables:
PATH=D:\ProgramData\Anaconda3;D:\ProgramData\Anaconda3\Library\mingw-w64\bin;D:\ProgramData\Anaconda3\Library\usr\bin;D:\ProgramData\Anaconda3\Library\bin;D:\ProgramData\Anaconda3\Scripts;D:\app\manmanjiang\product\11.2.0\dbhome_1\bin;D:\Python\Scripts\;D:\Python\;C:\ProgramData\Oracle\Java\javapath;C:\Program Files (x86)\Intel\iCLS Client\;C:\Program Files\Intel\iCLS Client\;C:\WINDOWS\system32;C:\WINDOWS;C:\WINDOWS\System32\Wbem;C:\WINDOWS\System32\WindowsPowerShell\v1.0\;C:\Program Files (x86)\Intel\Intel(R) Management Engine Components\DAL;C:\Program Files\Intel\Intel(R) Management Engine Components\DAL;C:\Program Files (x86)\Intel\Intel(R) Management Engine Components\IPT;C:\Program Files\Intel\Intel(R) Management Engine Components\IPT;C:\WINDOWS\System32\OpenSSH\;C:\Program Files\Intel\WiFi\bin\;C:\Program Files\Common Files\Intel\WirelessCommon\;C:\TDM-GCC-64\bin;C:\Program Files (x86)\Microsoft SQL Server\100\Tools\Binn\;C:\Program Files\Microsoft SQL Server\100\Tools\Binn\;C:\Program Files\Microsoft SQL Server\100\DTS\Binn\;D:\OpenSSL-Win64\bin;D:\Program Files (x86)\Git\cmd;C:\Users\manmanjiang\AppData\Local\Microsoft\WindowsApps;;D:\Program Files (x86)\Microsoft VS Code\bin;C:\Program Files (x86)\Nmap
USERNAME=manmanjiang
OS=Windows_NT
PROCESSOR_IDENTIFIER=Intel64 Family 6 Model 142 Stepping 9, GenuineIntel



---------------  S Y S T E M  ---------------

OS: Windows 10 , 64 bit Build 19041 (10.0.19041.1202)
OS uptime: 6 days 8:47 hours

CPU:total 4 (initial active 4) (2 cores per cpu, 2 threads per core) family 6 model 142 stepping 9 microcode 0xb4, cmov, cx8, fxsr, mmx, sse, sse2, sse3, ssse3, sse4.1, sse4.2, popcnt, avx, avx2, aes, clmul, erms, 3dnowpref, lzcnt, ht, tsc, tscinvbit, bmi1, bmi2, adx, fma

Memory: 4k page, system-wide physical 8073M (263M free)
TotalPageFile size 13628M (AvailPageFile size 21M)
current process WorkingSet (physical memory assigned to process): 648M, peak: 648M
current process commit charge ("private bytes"): 819M, peak: 1168M

vm_info: OpenJDK 64-Bit Server VM (11.0.10+0-b96-7249189) for windows-amd64 JRE (11.0.10+0-b96-7249189), built on Mar 31 2021 21:44:00 by "builder" with MS VC++ 14.0 (VS2015)

END.
